2022-11-15 00:15:20.801  INFO 4348 --- [http-nio-2700-exec-3] com.dao.DoctorServiceImpl                : Doctor added
2022-11-15 00:16:20.313  INFO 4348 --- [http-nio-2700-exec-9] com.dao.DoctorServiceImpl                : Doctor viewed
2022-11-15 00:16:29.624  INFO 4348 --- [http-nio-2700-exec-10] com.dao.DoctorServiceImpl                : Doctor viewed
2022-11-15 00:16:38.365 ERROR 4348 --- [http-nio-2700-exec-4] com.dao.DoctorServiceImpl                : Appointment not found exception thrown
2022-11-15 00:16:38.369  WARN 4348 --- [http-nio-2700-exec-4] .m.m.a.ExceptionHandlerExceptionResolver : Resolved [com.exceptions.AppointmentIdNotFoundException: No Appointments found]
2022-11-15 00:18:53.519 ERROR 4348 --- [http-nio-2700-exec-5] com.dao.DoctorServiceImpl                : Appointment not found exception thrown
2022-11-15 00:18:53.520  WARN 4348 --- [http-nio-2700-exec-5] .m.m.a.ExceptionHandlerExceptionResolver : Resolved [com.exceptions.AppointmentIdNotFoundException: No Appointments found]
2022-11-15 00:19:33.400  INFO 4348 --- [http-nio-2700-exec-1] com.dao.DoctorServiceImpl                : Doctor updated
2022-11-15 00:22:02.494  INFO 4348 --- [http-nio-2700-exec-7] com.dao.DoctorServiceImpl                : Doctor updated
2022-11-15 00:23:44.856  INFO 4348 --- [http-nio-2700-exec-3] com.dao.DoctorServiceImpl                : Doctor updated
2022-11-15 00:24:03.780  INFO 4348 --- [File Watcher] rtingClassPathChangeChangedEventListener : Restarting due to 1 class path change (0 additions, 0 deletions, 1 modification)
2022-11-15 00:24:03.792  INFO 4348 --- [Thread-187] o.apache.catalina.core.StandardService   : Stopping service [Tomcat]
2022-11-15 00:24:03.792  INFO 4348 --- [Thread-187] o.a.c.c.C.[Tomcat-1].[localhost].[/]     : Destroying Spring FrameworkServlet 'dispatcherServlet'
2022-11-15 00:24:03.796  WARN 4348 --- [Thread-187] o.a.c.loader.WebappClassLoaderBase       : The web application [ROOT] appears to have started a thread named [logback-1] but has failed to stop it. This is very likely to create a memory leak. Stack trace of thread:
 java.base@17.0.4.1/jdk.internal.misc.Unsafe.park(Native Method)
 java.base@17.0.4.1/java.util.concurrent.locks.LockSupport.park(LockSupport.java:341)
 java.base@17.0.4.1/java.util.concurrent.locks.AbstractQueuedSynchronizer$ConditionNode.block(AbstractQueuedSynchronizer.java:506)
 java.base@17.0.4.1/java.util.concurrent.ForkJoinPool.unmanagedBlock(ForkJoinPool.java:3463)
 java.base@17.0.4.1/java.util.concurrent.ForkJoinPool.managedBlock(ForkJoinPool.java:3434)
 java.base@17.0.4.1/java.util.concurrent.locks.AbstractQueuedSynchronizer$ConditionObject.await(AbstractQueuedSynchronizer.java:1623)
 java.base@17.0.4.1/java.util.concurrent.ScheduledThreadPoolExecutor$DelayedWorkQueue.take(ScheduledThreadPoolExecutor.java:1170)
 java.base@17.0.4.1/java.util.concurrent.ScheduledThreadPoolExecutor$DelayedWorkQueue.take(ScheduledThreadPoolExecutor.java:899)
 java.base@17.0.4.1/java.util.concurrent.ThreadPoolExecutor.getTask(ThreadPoolExecutor.java:1062)
 java.base@17.0.4.1/java.util.concurrent.ThreadPoolExecutor.runWorker(ThreadPoolExecutor.java:1122)
 java.base@17.0.4.1/java.util.concurrent.ThreadPoolExecutor$Worker.run(ThreadPoolExecutor.java:635)
 java.base@17.0.4.1/java.lang.Thread.run(Thread.java:833)
2022-11-15 00:24:03.797  WARN 4348 --- [Thread-187] o.a.c.loader.WebappClassLoaderBase       : The web application [ROOT] appears to have started a thread named [logback-2] but has failed to stop it. This is very likely to create a memory leak. Stack trace of thread:
 java.base@17.0.4.1/jdk.internal.misc.Unsafe.park(Native Method)
 java.base@17.0.4.1/java.util.concurrent.locks.LockSupport.park(LockSupport.java:341)
 java.base@17.0.4.1/java.util.concurrent.locks.AbstractQueuedSynchronizer$ConditionNode.block(AbstractQueuedSynchronizer.java:506)
 java.base@17.0.4.1/java.util.concurrent.ForkJoinPool.unmanagedBlock(ForkJoinPool.java:3463)
 java.base@17.0.4.1/java.util.concurrent.ForkJoinPool.managedBlock(ForkJoinPool.java:3434)
 java.base@17.0.4.1/java.util.concurrent.locks.AbstractQueuedSynchronizer$ConditionObject.await(AbstractQueuedSynchronizer.java:1623)
 java.base@17.0.4.1/java.util.concurrent.ScheduledThreadPoolExecutor$DelayedWorkQueue.take(ScheduledThreadPoolExecutor.java:1170)
 java.base@17.0.4.1/java.util.concurrent.ScheduledThreadPoolExecutor$DelayedWorkQueue.take(ScheduledThreadPoolExecutor.java:899)
 java.base@17.0.4.1/java.util.concurrent.ThreadPoolExecutor.getTask(ThreadPoolExecutor.java:1062)
 java.base@17.0.4.1/java.util.concurrent.ThreadPoolExecutor.runWorker(ThreadPoolExecutor.java:1122)
 java.base@17.0.4.1/java.util.concurrent.ThreadPoolExecutor$Worker.run(ThreadPoolExecutor.java:635)
 java.base@17.0.4.1/java.lang.Thread.run(Thread.java:833)
2022-11-15 00:24:03.800  INFO 4348 --- [Thread-187] j.LocalContainerEntityManagerFactoryBean : Closing JPA EntityManagerFactory for persistence unit 'default'
2022-11-15 00:24:03.801  INFO 4348 --- [Thread-187] com.zaxxer.hikari.HikariDataSource       : HikariPool-48 - Shutdown initiated...
2022-11-15 00:24:03.802  INFO 4348 --- [Thread-187] com.zaxxer.hikari.HikariDataSource       : HikariPool-48 - Shutdown completed.
2022-11-15 00:24:03.914  INFO 4348 --- [restartedMain] com.OnlineEyeClinicApplication           : Starting OnlineEyeClinicApplication using Java 17.0.4.1 on INLEN8520062193 with PID 4348 (C:\Users\ksingh58\OneDrive - Capgemini\Documents\Eclipse\OnlineEyeClinic\target\classes started by ksingh58 in C:\Users\ksingh58\OneDrive - Capgemini\Documents\Eclipse\OnlineEyeClinic)
2022-11-15 00:24:03.914  INFO 4348 --- [restartedMain] com.OnlineEyeClinicApplication           : No active profile set, falling back to 1 default profile: "default"
2022-11-15 00:24:04.446  INFO 4348 --- [restartedMain] .s.d.r.c.RepositoryConfigurationDelegate : Bootstrapping Spring Data JPA repositories in DEFAULT mode.
2022-11-15 00:24:04.586  INFO 4348 --- [restartedMain] .s.d.r.c.RepositoryConfigurationDelegate : Finished Spring Data repository scanning in 140 ms. Found 6 JPA repository interfaces.
2022-11-15 00:24:04.635  INFO 4348 --- [restartedMain] trationDelegate$BeanPostProcessorChecker : Bean 'org.springframework.ws.config.annotation.DelegatingWsConfiguration' of type [org.springframework.ws.config.annotation.DelegatingWsConfiguration$$EnhancerBySpringCGLIB$$50e3063e] is not eligible for getting processed by all BeanPostProcessors (for example: not eligible for auto-proxying)
2022-11-15 00:24:04.637  INFO 4348 --- [restartedMain] .w.s.a.s.AnnotationActionEndpointMapping : Supporting [WS-Addressing August 2004, WS-Addressing 1.0]
2022-11-15 00:24:04.670  INFO 4348 --- [restartedMain] o.s.b.w.embedded.tomcat.TomcatWebServer  : Tomcat initialized with port(s): 2700 (http)
2022-11-15 00:24:04.671  INFO 4348 --- [restartedMain] o.apache.catalina.core.StandardService   : Starting service [Tomcat]
2022-11-15 00:24:04.671  INFO 4348 --- [restartedMain] org.apache.catalina.core.StandardEngine  : Starting Servlet engine: [Apache Tomcat/9.0.68]
2022-11-15 00:24:04.694  INFO 4348 --- [restartedMain] o.a.c.c.C.[Tomcat-1].[localhost].[/]     : Initializing Spring embedded WebApplicationContext
2022-11-15 00:24:04.695  INFO 4348 --- [restartedMain] w.s.c.ServletWebServerApplicationContext : Root WebApplicationContext: initialization completed in 778 ms
2022-11-15 00:24:04.746  INFO 4348 --- [restartedMain] o.hibernate.jpa.internal.util.LogHelper  : HHH000204: Processing PersistenceUnitInfo [name: default]
2022-11-15 00:24:04.756  INFO 4348 --- [restartedMain] com.zaxxer.hikari.HikariDataSource       : HikariPool-49 - Starting...
2022-11-15 00:24:04.835  INFO 4348 --- [restartedMain] com.zaxxer.hikari.HikariDataSource       : HikariPool-49 - Start completed.
2022-11-15 00:24:04.836  INFO 4348 --- [restartedMain] org.hibernate.dialect.Dialect            : HHH000400: Using dialect: org.hibernate.dialect.PostgreSQLDialect
2022-11-15 00:24:04.951  INFO 4348 --- [restartedMain] o.h.e.t.j.p.i.JtaPlatformInitiator       : HHH000490: Using JtaPlatform implementation: [org.hibernate.engine.transaction.jta.platform.internal.NoJtaPlatform]
2022-11-15 00:24:04.952  INFO 4348 --- [restartedMain] j.LocalContainerEntityManagerFactoryBean : Initialized JPA EntityManagerFactory for persistence unit 'default'
2022-11-15 00:24:05.119  WARN 4348 --- [restartedMain] JpaBaseConfiguration$JpaWebConfiguration : spring.jpa.open-in-view is enabled by default. Therefore, database queries may be performed during view rendering. Explicitly configure spring.jpa.open-in-view to disable this warning
2022-11-15 00:24:05.236  INFO 4348 --- [restartedMain] o.s.b.d.a.OptionalLiveReloadServer       : LiveReload server is running on port 35729
2022-11-15 00:24:05.248  INFO 4348 --- [restartedMain] o.s.b.w.embedded.tomcat.TomcatWebServer  : Tomcat started on port(s): 2700 (http) with context path ''
2022-11-15 00:24:05.252  INFO 4348 --- [restartedMain] com.OnlineEyeClinicApplication           : Started OnlineEyeClinicApplication in 1.365 seconds (JVM running for 47552.111)
2022-11-15 00:24:05.253  INFO 4348 --- [restartedMain] .ConditionEvaluationDeltaLoggingListener : Condition evaluation unchanged
2022-11-15 00:29:10.576  INFO 4348 --- [http-nio-2700-exec-1] o.a.c.c.C.[Tomcat-1].[localhost].[/]     : Initializing Spring DispatcherServlet 'dispatcherServlet'
2022-11-15 00:29:10.577  INFO 4348 --- [http-nio-2700-exec-1] o.s.web.servlet.DispatcherServlet        : Initializing Servlet 'dispatcherServlet'
2022-11-15 00:29:10.579  INFO 4348 --- [http-nio-2700-exec-1] o.s.web.servlet.DispatcherServlet        : Completed initialization in 2 ms
2022-11-15 00:29:10.589  INFO 4348 --- [http-nio-2700-exec-1] com.dao.TestServiceImpl                  : All Tests are viewed
2022-11-15 00:29:23.822  INFO 4348 --- [http-nio-2700-exec-2] com.dao.TestServiceImpl                  : All Tests are viewed
2022-11-15 00:35:15.676 ERROR 4348 --- [http-nio-2700-exec-4] com.dao.PatientServiceImpl               : Patient not found exception thrown
2022-11-15 00:35:15.680  WARN 4348 --- [http-nio-2700-exec-4] .m.m.a.ExceptionHandlerExceptionResolver : Resolved [com.exceptions.PatientIdNotFoundException: Patient Not Found]
2022-11-15 00:36:29.698 ERROR 4348 --- [http-nio-2700-exec-5] com.dao.PatientServiceImpl               : Patient not found exception thrown
2022-11-15 00:36:29.699  WARN 4348 --- [http-nio-2700-exec-5] .m.m.a.ExceptionHandlerExceptionResolver : Resolved [com.exceptions.PatientIdNotFoundException: Patient Not Found]
2022-11-15 00:37:03.425 ERROR 4348 --- [http-nio-2700-exec-6] com.dao.PatientServiceImpl               : Patient not found exception thrown
2022-11-15 00:37:03.426  WARN 4348 --- [http-nio-2700-exec-6] .m.m.a.ExceptionHandlerExceptionResolver : Resolved [com.exceptions.PatientIdNotFoundException: Patient Not Found]
2022-11-15 00:37:10.445  INFO 4348 --- [http-nio-2700-exec-7] com.dao.PatientServiceImpl               : Patient viewed
2022-11-15 00:37:13.646  INFO 4348 --- [http-nio-2700-exec-10] com.dao.PatientServiceImpl               : Patient viewed
2022-11-15 00:37:14.336  INFO 4348 --- [http-nio-2700-exec-2] com.dao.PatientServiceImpl               : Patient viewed
2022-11-15 00:37:14.550  INFO 4348 --- [http-nio-2700-exec-4] com.dao.PatientServiceImpl               : Patient viewed
2022-11-15 00:40:48.693 ERROR 4348 --- [http-nio-2700-exec-2] com.dao.PatientServiceImpl               : Patient not found exception thrown
2022-11-15 00:40:48.694  WARN 4348 --- [http-nio-2700-exec-2] .m.m.a.ExceptionHandlerExceptionResolver : Resolved [com.exceptions.PatientIdNotFoundException: Patient Not Found]
2022-11-15 00:40:53.837  INFO 4348 --- [http-nio-2700-exec-4] com.dao.PatientServiceImpl               : Patient viewed
2022-11-15 00:40:54.816  INFO 4348 --- [http-nio-2700-exec-1] com.dao.PatientServiceImpl               : Patient viewed
2022-11-15 00:40:55.046  INFO 4348 --- [http-nio-2700-exec-5] com.dao.PatientServiceImpl               : Patient viewed
2022-11-15 00:41:49.418 ERROR 4348 --- [http-nio-2700-exec-7] com.dao.PatientServiceImpl               : Patient not found exception thrown
2022-11-15 00:41:49.419  WARN 4348 --- [http-nio-2700-exec-7] .m.m.a.ExceptionHandlerExceptionResolver : Resolved [com.exceptions.PatientIdNotFoundException: Patient Not Found]
2022-11-15 00:41:58.717  INFO 4348 --- [http-nio-2700-exec-8] com.dao.PatientServiceImpl               : Patient viewed
2022-11-15 00:42:36.971 ERROR 4348 --- [http-nio-2700-exec-4] com.dao.PatientServiceImpl               : Patient not found exception thrown
2022-11-15 00:42:36.971  WARN 4348 --- [http-nio-2700-exec-4] .m.m.a.ExceptionHandlerExceptionResolver : Resolved [com.exceptions.PatientIdNotFoundException: Patient Not Found]
2022-11-15 01:01:51.859  INFO 4348 --- [http-nio-2700-exec-1] com.dao.DoctorServiceImpl                : Doctor viewed
2022-11-15 01:02:03.529  INFO 4348 --- [http-nio-2700-exec-5] com.dao.DoctorServiceImpl                : Doctor viewed
2022-11-15 01:02:09.169 ERROR 4348 --- [http-nio-2700-exec-9] com.dao.DoctorServiceImpl                : Appointment not found exception thrown
2022-11-15 01:02:09.171  WARN 4348 --- [http-nio-2700-exec-9] .m.m.a.ExceptionHandlerExceptionResolver : Resolved [com.exceptions.AppointmentIdNotFoundException: No Appointments found]
2022-11-15 01:02:11.696  INFO 4348 --- [http-nio-2700-exec-6] com.dao.TestServiceImpl                  : All Tests are viewed
2022-11-15 01:02:55.862  INFO 4348 --- [http-nio-2700-exec-3] com.dao.DoctorServiceImpl                : Doctor viewed
2022-11-15 01:04:14.154  INFO 4348 --- [http-nio-2700-exec-8] com.dao.DoctorServiceImpl                : Doctor viewed
2022-11-15 01:04:17.652  INFO 4348 --- [http-nio-2700-exec-2] com.dao.DoctorServiceImpl                : Doctor viewed
2022-11-15 01:04:20.134  INFO 4348 --- [http-nio-2700-exec-10] com.dao.DoctorServiceImpl                : Doctor viewed
2022-11-15 01:04:20.718  INFO 4348 --- [http-nio-2700-exec-4] com.dao.DoctorServiceImpl                : Doctor viewed
2022-11-15 01:04:21.670  INFO 4348 --- [http-nio-2700-exec-1] com.dao.DoctorServiceImpl                : Doctor viewed
2022-11-15 01:04:23.033  INFO 4348 --- [http-nio-2700-exec-5] com.dao.DoctorServiceImpl                : Doctor viewed
2022-11-15 01:04:26.252  INFO 4348 --- [http-nio-2700-exec-9] com.dao.DoctorServiceImpl                : Doctor viewed
2022-11-15 01:04:27.014  INFO 4348 --- [http-nio-2700-exec-6] com.dao.DoctorServiceImpl                : Doctor viewed
2022-11-15 01:04:28.079  INFO 4348 --- [http-nio-2700-exec-3] com.dao.DoctorServiceImpl                : Doctor viewed
2022-11-15 01:04:28.794  INFO 4348 --- [http-nio-2700-exec-7] com.dao.DoctorServiceImpl                : Doctor viewed
2022-11-15 01:04:29.328  INFO 4348 --- [http-nio-2700-exec-8] com.dao.DoctorServiceImpl                : Doctor viewed
2022-11-15 01:04:30.335  INFO 4348 --- [http-nio-2700-exec-2] com.dao.DoctorServiceImpl                : Doctor viewed
2022-11-15 01:04:31.062  INFO 4348 --- [http-nio-2700-exec-10] com.dao.DoctorServiceImpl                : Doctor viewed
2022-11-15 01:04:31.713  INFO 4348 --- [http-nio-2700-exec-4] com.dao.DoctorServiceImpl                : Doctor viewed
2022-11-15 01:04:32.580  INFO 4348 --- [http-nio-2700-exec-1] com.dao.DoctorServiceImpl                : Doctor viewed
2022-11-15 01:04:33.596  INFO 4348 --- [http-nio-2700-exec-5] com.dao.DoctorServiceImpl                : Doctor viewed
2022-11-15 01:04:34.445  INFO 4348 --- [http-nio-2700-exec-9] com.dao.DoctorServiceImpl                : Doctor viewed
2022-11-15 01:04:35.230  INFO 4348 --- [http-nio-2700-exec-6] com.dao.DoctorServiceImpl                : Doctor viewed
2022-11-15 01:04:36.109  INFO 4348 --- [http-nio-2700-exec-3] com.dao.DoctorServiceImpl                : Doctor viewed
2022-11-15 01:04:38.059  INFO 4348 --- [http-nio-2700-exec-7] com.dao.DoctorServiceImpl                : Doctor viewed
2022-11-15 01:04:39.396  INFO 4348 --- [http-nio-2700-exec-8] com.dao.DoctorServiceImpl                : Doctor viewed
2022-11-15 01:04:40.394  INFO 4348 --- [http-nio-2700-exec-2] com.dao.DoctorServiceImpl                : Doctor viewed
2022-11-15 01:04:44.146  INFO 4348 --- [http-nio-2700-exec-10] com.dao.DoctorServiceImpl                : Doctor viewed
2022-11-15 01:04:45.860  INFO 4348 --- [http-nio-2700-exec-4] com.dao.DoctorServiceImpl                : Doctor viewed
2022-11-15 01:04:49.405  INFO 4348 --- [http-nio-2700-exec-1] com.dao.DoctorServiceImpl                : Doctor viewed
2022-11-15 01:04:50.435  INFO 4348 --- [http-nio-2700-exec-5] com.dao.DoctorServiceImpl                : Doctor viewed
2022-11-15 01:04:51.922  INFO 4348 --- [http-nio-2700-exec-9] com.dao.DoctorServiceImpl                : Doctor viewed
2022-11-15 01:04:52.627  INFO 4348 --- [http-nio-2700-exec-6] com.dao.DoctorServiceImpl                : Doctor viewed
2022-11-15 01:04:53.308  INFO 4348 --- [http-nio-2700-exec-3] com.dao.DoctorServiceImpl                : Doctor viewed
2022-11-15 01:04:54.997  INFO 4348 --- [http-nio-2700-exec-7] com.dao.DoctorServiceImpl                : Doctor viewed
2022-11-15 01:04:55.788  INFO 4348 --- [http-nio-2700-exec-8] com.dao.DoctorServiceImpl                : Doctor viewed
2022-11-15 01:04:56.506  INFO 4348 --- [http-nio-2700-exec-2] com.dao.DoctorServiceImpl                : Doctor viewed
2022-11-15 01:05:01.268  INFO 4348 --- [http-nio-2700-exec-10] com.dao.TestServiceImpl                  : All Tests are viewed
2022-11-15 01:05:22.329  INFO 4348 --- [http-nio-2700-exec-4] com.dao.TestServiceImpl                  : All Tests are viewed
2022-11-15 01:05:26.364  INFO 4348 --- [http-nio-2700-exec-1] com.dao.TestServiceImpl                  : All Tests are viewed
2022-11-15 01:05:31.294  INFO 4348 --- [http-nio-2700-exec-5] com.dao.TestServiceImpl                  : All Tests are viewed
2022-11-15 01:05:42.117  INFO 4348 --- [http-nio-2700-exec-9] com.dao.TestServiceImpl                  : All Tests are viewed
2022-11-15 01:05:43.119  INFO 4348 --- [http-nio-2700-exec-6] com.dao.TestServiceImpl                  : All Tests are viewed
2022-11-15 01:05:43.843  INFO 4348 --- [http-nio-2700-exec-3] com.dao.TestServiceImpl                  : All Tests are viewed
2022-11-15 01:05:45.218  INFO 4348 --- [http-nio-2700-exec-7] com.dao.TestServiceImpl                  : All Tests are viewed
2022-11-15 01:06:20.417  INFO 4348 --- [http-nio-2700-exec-8] com.dao.TestServiceImpl                  : All Tests are viewed
2022-11-15 01:07:07.727  INFO 4348 --- [http-nio-2700-exec-2] com.dao.TestServiceImpl                  : All Tests are viewed
2022-11-15 01:07:21.243  INFO 4348 --- [http-nio-2700-exec-10] com.dao.TestServiceImpl                  : Test viewed
2022-11-15 01:15:00.927 ERROR 4348 --- [http-nio-2700-exec-1] com.dao.ReportServiceImpl                : Report not found exception thrown
2022-11-15 01:15:00.928  WARN 4348 --- [http-nio-2700-exec-1] .m.m.a.ExceptionHandlerExceptionResolver : Resolved [com.exceptions.ReportIdNotFoundException: Report Not Found]
2022-11-15 01:15:03.209  INFO 4348 --- [http-nio-2700-exec-5] com.dao.ReportServiceImpl                : Report viewed
2022-11-15 01:16:42.885  INFO 4348 --- [http-nio-2700-exec-3] com.dao.PatientServiceImpl               : Patient added
2022-11-15 01:17:50.545  INFO 4348 --- [http-nio-2700-exec-8] com.dao.PatientServiceImpl               : Patient viewed
2022-11-15 01:17:52.029  INFO 4348 --- [http-nio-2700-exec-2] com.dao.PatientServiceImpl               : Patient viewed
2022-11-15 01:17:58.784  INFO 4348 --- [http-nio-2700-exec-10] com.dao.DoctorServiceImpl                : All doctors viewed
2022-11-15 01:18:03.749 ERROR 4348 --- [http-nio-2700-exec-4] com.dao.ReportServiceImpl                : Report not found exception thrown
2022-11-15 01:18:03.750  WARN 4348 --- [http-nio-2700-exec-4] .m.m.a.ExceptionHandlerExceptionResolver : Resolved [com.exceptions.ReportIdNotFoundException: No Reports Found]
2022-11-15 01:19:50.526  INFO 4348 --- [http-nio-2700-exec-1] com.dao.PatientServiceImpl               : Patient viewed
2022-11-15 01:19:55.547  INFO 4348 --- [http-nio-2700-exec-5] com.dao.PatientServiceImpl               : Patient viewed
2022-11-15 01:19:57.303  INFO 4348 --- [http-nio-2700-exec-9] com.dao.PatientServiceImpl               : Patient viewed
2022-11-15 01:20:12.508  INFO 4348 --- [http-nio-2700-exec-6] com.dao.PatientServiceImpl               : Patient viewed
2022-11-15 01:21:13.842  INFO 4348 --- [http-nio-2700-exec-7] com.dao.DoctorServiceImpl                : All doctors viewed
2022-11-15 01:21:27.316  INFO 4348 --- [http-nio-2700-exec-8] com.dao.DoctorServiceImpl                : All doctors viewed
2022-11-15 01:21:38.832  INFO 4348 --- [http-nio-2700-exec-2] com.dao.AppointmentServiceImpl           : All Appointments for 2022-11-16 viewed
2022-11-15 01:21:42.184  INFO 4348 --- [http-nio-2700-exec-4] com.dao.PatientServiceImpl               : Patient viewed
2022-11-15 01:21:42.186  INFO 4348 --- [http-nio-2700-exec-1] com.dao.AppointmentServiceImpl           : Appointment booked
2022-11-15 01:23:40.131  INFO 4348 --- [http-nio-2700-exec-6] com.dao.PatientServiceImpl               : Patient viewed
2022-11-15 01:23:41.493  INFO 4348 --- [http-nio-2700-exec-3] com.dao.PatientServiceImpl               : Patient viewed
2022-11-15 01:23:46.067  INFO 4348 --- [http-nio-2700-exec-7] com.dao.DoctorServiceImpl                : All doctors viewed
2022-11-15 01:23:51.275 ERROR 4348 --- [http-nio-2700-exec-8] com.dao.ReportServiceImpl                : Report not found exception thrown
2022-11-15 01:23:51.277  WARN 4348 --- [http-nio-2700-exec-8] .m.m.a.ExceptionHandlerExceptionResolver : Resolved [com.exceptions.ReportIdNotFoundException: No Reports Found]
2022-11-15 01:24:08.236  INFO 4348 --- [http-nio-2700-exec-2] com.dao.TestServiceImpl                  : All Tests are viewed
2022-11-15 01:24:27.169  INFO 4348 --- [http-nio-2700-exec-10] com.dao.PatientServiceImpl               : Patient viewed
2022-11-15 01:24:28.325  INFO 4348 --- [http-nio-2700-exec-4] com.dao.PatientServiceImpl               : Patient viewed
2022-11-15 01:24:38.073  INFO 4348 --- [http-nio-2700-exec-1] com.dao.DoctorServiceImpl                : All doctors viewed
2022-11-15 01:24:41.244 ERROR 4348 --- [http-nio-2700-exec-5] com.dao.ReportServiceImpl                : Report not found exception thrown
2022-11-15 01:24:41.245  WARN 4348 --- [http-nio-2700-exec-5] .m.m.a.ExceptionHandlerExceptionResolver : Resolved [com.exceptions.ReportIdNotFoundException: No Reports Found]
2022-11-15 01:25:03.048  INFO 4348 --- [http-nio-2700-exec-9] com.dao.DoctorServiceImpl                : Doctor viewed
2022-11-15 01:25:04.315  INFO 4348 --- [http-nio-2700-exec-6] com.dao.DoctorServiceImpl                : Doctor viewed
2022-11-15 01:26:16.666 ERROR 4348 --- [http-nio-2700-exec-7] com.dao.DoctorServiceImpl                : Appointment not found exception thrown
2022-11-15 01:26:16.667  WARN 4348 --- [http-nio-2700-exec-7] .m.m.a.ExceptionHandlerExceptionResolver : Resolved [com.exceptions.AppointmentIdNotFoundException: No Appointments found]
2022-11-15 01:26:37.743  INFO 4348 --- [http-nio-2700-exec-8] com.dao.TestServiceImpl                  : All Tests are viewed
2022-11-15 01:39:38.709  INFO 4348 --- [http-nio-2700-exec-10] com.dao.TestServiceImpl                  : All Tests are viewed
2022-11-15 01:40:31.019  INFO 4348 --- [http-nio-2700-exec-4] com.dao.TestServiceImpl                  : All Tests are viewed
2022-11-15 01:45:36.705  INFO 4348 --- [http-nio-2700-exec-5] com.dao.TestServiceImpl                  : All Tests are viewed
2022-11-15 01:46:00.591  INFO 4348 --- [http-nio-2700-exec-9] com.dao.TestServiceImpl                  : All Tests are viewed
2022-11-15 01:46:14.086  INFO 4348 --- [http-nio-2700-exec-6] com.dao.TestServiceImpl                  : All Tests are viewed
2022-11-15 01:52:49.528  INFO 4348 --- [RMI TCP Connection(884)-127.0.0.1] inMXBeanRegistrar$SpringApplicationAdmin : Application shutdown requested.
2022-11-15 01:52:49.544  INFO 4348 --- [RMI TCP Connection(884)-127.0.0.1] o.apache.catalina.core.StandardService   : Stopping service [Tomcat]
2022-11-15 01:52:49.545  INFO 4348 --- [RMI TCP Connection(884)-127.0.0.1] o.a.c.c.C.[Tomcat-1].[localhost].[/]     : Destroying Spring FrameworkServlet 'dispatcherServlet'
2022-11-15 01:52:49.557  INFO 4348 --- [RMI TCP Connection(884)-127.0.0.1] j.LocalContainerEntityManagerFactoryBean : Closing JPA EntityManagerFactory for persistence unit 'default'
2022-11-15 01:52:49.560  INFO 4348 --- [RMI TCP Connection(884)-127.0.0.1] com.zaxxer.hikari.HikariDataSource       : HikariPool-49 - Shutdown initiated...
2022-11-15 01:52:49.562  INFO 4348 --- [RMI TCP Connection(884)-127.0.0.1] com.zaxxer.hikari.HikariDataSource       : HikariPool-49 - Shutdown completed.
2022-11-15 02:09:19.258  INFO 19256 --- [restartedMain] com.OnlineEyeClinicApplication           : Starting OnlineEyeClinicApplication using Java 17.0.4.1 on INLEN8520062193 with PID 19256 (C:\Users\ksingh58\OneDrive - Capgemini\Documents\Eclipse\OnlineEyeClinic\target\classes started by ksingh58 in C:\Users\ksingh58\OneDrive - Capgemini\Documents\Eclipse\OnlineEyeClinic)
2022-11-15 02:09:19.261  INFO 19256 --- [restartedMain] com.OnlineEyeClinicApplication           : No active profile set, falling back to 1 default profile: "default"
2022-11-15 02:09:19.351  INFO 19256 --- [restartedMain] .e.DevToolsPropertyDefaultsPostProcessor : Devtools property defaults active! Set 'spring.devtools.add-properties' to 'false' to disable
2022-11-15 02:09:19.352  INFO 19256 --- [restartedMain] .e.DevToolsPropertyDefaultsPostProcessor : For additional web related logging consider setting the 'logging.level.web' property to 'DEBUG'
2022-11-15 02:09:20.836  INFO 19256 --- [restartedMain] .s.d.r.c.RepositoryConfigurationDelegate : Bootstrapping Spring Data JPA repositories in DEFAULT mode.
2022-11-15 02:09:21.083  INFO 19256 --- [restartedMain] .s.d.r.c.RepositoryConfigurationDelegate : Finished Spring Data repository scanning in 235 ms. Found 6 JPA repository interfaces.
2022-11-15 02:09:21.399  INFO 19256 --- [restartedMain] trationDelegate$BeanPostProcessorChecker : Bean 'org.springframework.ws.config.annotation.DelegatingWsConfiguration' of type [org.springframework.ws.config.annotation.DelegatingWsConfiguration$$EnhancerBySpringCGLIB$$c3a717a1] is not eligible for getting processed by all BeanPostProcessors (for example: not eligible for auto-proxying)
2022-11-15 02:09:21.468  INFO 19256 --- [restartedMain] .w.s.a.s.AnnotationActionEndpointMapping : Supporting [WS-Addressing August 2004, WS-Addressing 1.0]
2022-11-15 02:09:21.868  INFO 19256 --- [restartedMain] o.s.b.w.embedded.tomcat.TomcatWebServer  : Tomcat initialized with port(s): 2700 (http)
2022-11-15 02:09:21.880  INFO 19256 --- [restartedMain] o.apache.catalina.core.StandardService   : Starting service [Tomcat]
2022-11-15 02:09:21.881  INFO 19256 --- [restartedMain] org.apache.catalina.core.StandardEngine  : Starting Servlet engine: [Apache Tomcat/9.0.68]
2022-11-15 02:09:21.976  INFO 19256 --- [restartedMain] o.a.c.c.C.[Tomcat].[localhost].[/]       : Initializing Spring embedded WebApplicationContext
2022-11-15 02:09:21.976  INFO 19256 --- [restartedMain] w.s.c.ServletWebServerApplicationContext : Root WebApplicationContext: initialization completed in 2622 ms
2022-11-15 02:09:22.229  INFO 19256 --- [restartedMain] o.hibernate.jpa.internal.util.LogHelper  : HHH000204: Processing PersistenceUnitInfo [name: default]
2022-11-15 02:09:22.297  INFO 19256 --- [restartedMain] org.hibernate.Version                    : HHH000412: Hibernate ORM core version 5.6.12.Final
2022-11-15 02:09:22.498  INFO 19256 --- [restartedMain] o.hibernate.annotations.common.Version   : HCANN000001: Hibernate Commons Annotations {5.1.2.Final}
2022-11-15 02:09:22.618  INFO 19256 --- [restartedMain] com.zaxxer.hikari.HikariDataSource       : HikariPool-1 - Starting...
2022-11-15 02:09:22.821  INFO 19256 --- [restartedMain] com.zaxxer.hikari.HikariDataSource       : HikariPool-1 - Start completed.
2022-11-15 02:09:22.842  INFO 19256 --- [restartedMain] org.hibernate.dialect.Dialect            : HHH000400: Using dialect: org.hibernate.dialect.PostgreSQLDialect
2022-11-15 02:09:23.794  INFO 19256 --- [restartedMain] o.h.e.t.j.p.i.JtaPlatformInitiator       : HHH000490: Using JtaPlatform implementation: [org.hibernate.engine.transaction.jta.platform.internal.NoJtaPlatform]
2022-11-15 02:09:23.803  INFO 19256 --- [restartedMain] j.LocalContainerEntityManagerFactoryBean : Initialized JPA EntityManagerFactory for persistence unit 'default'
2022-11-15 02:09:24.330  WARN 19256 --- [restartedMain] JpaBaseConfiguration$JpaWebConfiguration : spring.jpa.open-in-view is enabled by default. Therefore, database queries may be performed during view rendering. Explicitly configure spring.jpa.open-in-view to disable this warning
2022-11-15 02:09:24.744  INFO 19256 --- [restartedMain] o.s.b.d.a.OptionalLiveReloadServer       : LiveReload server is running on port 35729
2022-11-15 02:09:24.801  INFO 19256 --- [restartedMain] o.s.b.w.embedded.tomcat.TomcatWebServer  : Tomcat started on port(s): 2700 (http) with context path ''
2022-11-15 02:09:24.815  INFO 19256 --- [restartedMain] com.OnlineEyeClinicApplication           : Started OnlineEyeClinicApplication in 6.179 seconds (JVM running for 7.773)
2022-11-15 02:10:00.143  INFO 19256 --- [http-nio-2700-exec-1] o.a.c.c.C.[Tomcat].[localhost].[/]       : Initializing Spring DispatcherServlet 'dispatcherServlet'
2022-11-15 02:10:00.144  INFO 19256 --- [http-nio-2700-exec-1] o.s.web.servlet.DispatcherServlet        : Initializing Servlet 'dispatcherServlet'
2022-11-15 02:10:00.146  INFO 19256 --- [http-nio-2700-exec-1] o.s.web.servlet.DispatcherServlet        : Completed initialization in 2 ms
2022-11-15 02:10:00.330  INFO 19256 --- [http-nio-2700-exec-2] com.dao.PatientServiceImpl               : Patient added
2022-11-15 02:10:15.877  INFO 19256 --- [RMI TCP Connection(4)-127.0.0.1] inMXBeanRegistrar$SpringApplicationAdmin : Application shutdown requested.
2022-11-15 02:10:15.890  INFO 19256 --- [RMI TCP Connection(4)-127.0.0.1] o.apache.catalina.core.StandardService   : Stopping service [Tomcat]
2022-11-15 02:10:15.891  INFO 19256 --- [RMI TCP Connection(4)-127.0.0.1] o.a.c.c.C.[Tomcat].[localhost].[/]       : Destroying Spring FrameworkServlet 'dispatcherServlet'
2022-11-15 02:10:15.900  INFO 19256 --- [RMI TCP Connection(4)-127.0.0.1] j.LocalContainerEntityManagerFactoryBean : Closing JPA EntityManagerFactory for persistence unit 'default'
2022-11-15 02:10:15.903  INFO 19256 --- [RMI TCP Connection(4)-127.0.0.1] com.zaxxer.hikari.HikariDataSource       : HikariPool-1 - Shutdown initiated...
2022-11-15 02:10:15.906  INFO 19256 --- [RMI TCP Connection(4)-127.0.0.1] com.zaxxer.hikari.HikariDataSource       : HikariPool-1 - Shutdown completed.
2022-11-15 08:54:36.833  INFO 20760 --- [restartedMain] com.OnlineEyeClinicApplication           : Starting OnlineEyeClinicApplication using Java 17.0.4.1 on INLEN8520062193 with PID 20760 (C:\Users\ksingh58\OneDrive - Capgemini\Documents\Eclipse\OnlineEyeClinic\target\classes started by ksingh58 in C:\Users\ksingh58\OneDrive - Capgemini\Documents\Eclipse\OnlineEyeClinic)
2022-11-15 08:54:36.834  INFO 20760 --- [restartedMain] com.OnlineEyeClinicApplication           : No active profile set, falling back to 1 default profile: "default"
2022-11-15 08:54:36.878  INFO 20760 --- [restartedMain] .e.DevToolsPropertyDefaultsPostProcessor : Devtools property defaults active! Set 'spring.devtools.add-properties' to 'false' to disable
2022-11-15 08:54:36.878  INFO 20760 --- [restartedMain] .e.DevToolsPropertyDefaultsPostProcessor : For additional web related logging consider setting the 'logging.level.web' property to 'DEBUG'
2022-11-15 08:54:37.865  INFO 20760 --- [restartedMain] .s.d.r.c.RepositoryConfigurationDelegate : Bootstrapping Spring Data JPA repositories in DEFAULT mode.
2022-11-15 08:54:38.057  INFO 20760 --- [restartedMain] .s.d.r.c.RepositoryConfigurationDelegate : Finished Spring Data repository scanning in 183 ms. Found 6 JPA repository interfaces.
2022-11-15 08:54:38.294  INFO 20760 --- [restartedMain] trationDelegate$BeanPostProcessorChecker : Bean 'org.springframework.ws.config.annotation.DelegatingWsConfiguration' of type [org.springframework.ws.config.annotation.DelegatingWsConfiguration$$EnhancerBySpringCGLIB$$aadec657] is not eligible for getting processed by all BeanPostProcessors (for example: not eligible for auto-proxying)
2022-11-15 08:54:38.339  INFO 20760 --- [restartedMain] .w.s.a.s.AnnotationActionEndpointMapping : Supporting [WS-Addressing August 2004, WS-Addressing 1.0]
2022-11-15 08:54:38.612  INFO 20760 --- [restartedMain] o.s.b.w.embedded.tomcat.TomcatWebServer  : Tomcat initialized with port(s): 2700 (http)
2022-11-15 08:54:38.621  INFO 20760 --- [restartedMain] o.apache.catalina.core.StandardService   : Starting service [Tomcat]
2022-11-15 08:54:38.622  INFO 20760 --- [restartedMain] org.apache.catalina.core.StandardEngine  : Starting Servlet engine: [Apache Tomcat/9.0.68]
2022-11-15 08:54:38.703  INFO 20760 --- [restartedMain] o.a.c.c.C.[Tomcat].[localhost].[/]       : Initializing Spring embedded WebApplicationContext
2022-11-15 08:54:38.704  INFO 20760 --- [restartedMain] w.s.c.ServletWebServerApplicationContext : Root WebApplicationContext: initialization completed in 1825 ms
2022-11-15 08:54:38.907  INFO 20760 --- [restartedMain] o.hibernate.jpa.internal.util.LogHelper  : HHH000204: Processing PersistenceUnitInfo [name: default]
2022-11-15 08:54:38.964  INFO 20760 --- [restartedMain] org.hibernate.Version                    : HHH000412: Hibernate ORM core version 5.6.12.Final
2022-11-15 08:54:39.122  INFO 20760 --- [restartedMain] o.hibernate.annotations.common.Version   : HCANN000001: Hibernate Commons Annotations {5.1.2.Final}
2022-11-15 08:54:39.217  INFO 20760 --- [restartedMain] com.zaxxer.hikari.HikariDataSource       : HikariPool-1 - Starting...
2022-11-15 08:54:39.399  INFO 20760 --- [restartedMain] com.zaxxer.hikari.HikariDataSource       : HikariPool-1 - Start completed.
2022-11-15 08:54:39.417  INFO 20760 --- [restartedMain] org.hibernate.dialect.Dialect            : HHH000400: Using dialect: org.hibernate.dialect.PostgreSQLDialect
2022-11-15 08:54:40.110  INFO 20760 --- [restartedMain] o.h.e.t.j.p.i.JtaPlatformInitiator       : HHH000490: Using JtaPlatform implementation: [org.hibernate.engine.transaction.jta.platform.internal.NoJtaPlatform]
2022-11-15 08:54:40.119  INFO 20760 --- [restartedMain] j.LocalContainerEntityManagerFactoryBean : Initialized JPA EntityManagerFactory for persistence unit 'default'
2022-11-15 08:54:40.604  WARN 20760 --- [restartedMain] JpaBaseConfiguration$JpaWebConfiguration : spring.jpa.open-in-view is enabled by default. Therefore, database queries may be performed during view rendering. Explicitly configure spring.jpa.open-in-view to disable this warning
2022-11-15 08:54:40.938  INFO 20760 --- [restartedMain] o.s.b.d.a.OptionalLiveReloadServer       : LiveReload server is running on port 35729
2022-11-15 08:54:40.980  INFO 20760 --- [restartedMain] o.s.b.w.embedded.tomcat.TomcatWebServer  : Tomcat started on port(s): 2700 (http) with context path ''
2022-11-15 08:54:40.989  INFO 20760 --- [restartedMain] com.OnlineEyeClinicApplication           : Started OnlineEyeClinicApplication in 4.504 seconds (JVM running for 5.283)
2022-11-15 08:55:26.450  INFO 20760 --- [http-nio-2700-exec-1] o.a.c.c.C.[Tomcat].[localhost].[/]       : Initializing Spring DispatcherServlet 'dispatcherServlet'
2022-11-15 08:55:26.450  INFO 20760 --- [http-nio-2700-exec-1] o.s.web.servlet.DispatcherServlet        : Initializing Servlet 'dispatcherServlet'
2022-11-15 08:55:26.451  INFO 20760 --- [http-nio-2700-exec-1] o.s.web.servlet.DispatcherServlet        : Completed initialization in 1 ms
2022-11-15 08:55:26.515 ERROR 20760 --- [http-nio-2700-exec-1] com.dao.PatientServiceImpl               : Patient not found exception thrown
2022-11-15 08:55:26.564  WARN 20760 --- [http-nio-2700-exec-1] .m.m.a.ExceptionHandlerExceptionResolver : Resolved [com.exceptions.PatientIdNotFoundException: Patient Not Found]
2022-11-15 08:56:29.253 ERROR 20760 --- [http-nio-2700-exec-2] com.dao.PatientServiceImpl               : Patient not found exception thrown
2022-11-15 08:56:29.254  WARN 20760 --- [http-nio-2700-exec-2] .m.m.a.ExceptionHandlerExceptionResolver : Resolved [com.exceptions.PatientIdNotFoundException: Patient Not Found]
2022-11-15 08:56:48.950 ERROR 20760 --- [http-nio-2700-exec-3] com.dao.PatientServiceImpl               : Patient not found exception thrown
2022-11-15 08:56:48.952  WARN 20760 --- [http-nio-2700-exec-3] .m.m.a.ExceptionHandlerExceptionResolver : Resolved [com.exceptions.PatientIdNotFoundException: Patient Not Found]
2022-11-15 08:57:24.773  INFO 20760 --- [http-nio-2700-exec-4] com.dao.PatientServiceImpl               : Patient viewed
2022-11-15 08:57:26.452  INFO 20760 --- [http-nio-2700-exec-5] com.dao.DoctorServiceImpl                : All doctors viewed
2022-11-15 08:57:30.989  INFO 20760 --- [http-nio-2700-exec-6] com.dao.AppointmentServiceImpl           : All Appointments for 2022-11-16 viewed
2022-11-15 08:57:32.627  INFO 20760 --- [http-nio-2700-exec-7] com.dao.PatientServiceImpl               : Patient viewed
2022-11-15 08:57:32.668  INFO 20760 --- [http-nio-2700-exec-9] com.dao.AppointmentServiceImpl           : Appointment booked
2022-11-15 08:59:05.326  INFO 20760 --- [http-nio-2700-exec-2] com.dao.DoctorServiceImpl                : All doctors viewed
2022-11-15 08:59:17.356  INFO 20760 --- [http-nio-2700-exec-3] com.dao.DoctorServiceImpl                : All doctors viewed
2022-11-15 08:59:18.441  INFO 20760 --- [http-nio-2700-exec-4] com.dao.DoctorServiceImpl                : All doctors viewed
2022-11-15 08:59:31.453  INFO 20760 --- [http-nio-2700-exec-5] com.dao.DoctorServiceImpl                : All doctors viewed
2022-11-15 08:59:42.242  INFO 20760 --- [http-nio-2700-exec-6] com.dao.AppointmentServiceImpl           : All Appointments for 2022-11-16 viewed
2022-11-15 08:59:45.477  INFO 20760 --- [http-nio-2700-exec-7] com.dao.AppointmentServiceImpl           : Appointment booked
2022-11-15 08:59:45.478  INFO 20760 --- [http-nio-2700-exec-8] com.dao.PatientServiceImpl               : Patient viewed
2022-11-15 08:59:47.480  WARN 20760 --- [http-nio-2700-exec-10] .m.m.a.ExceptionHandlerExceptionResolver : Resolved [java.lang.NullPointerException: Cannot invoke "String.length()" because "s" is null]
2022-11-15 09:00:54.673  INFO 20760 --- [http-nio-2700-exec-2] com.dao.DoctorServiceImpl                : All doctors viewed
2022-11-15 09:01:00.411 ERROR 20760 --- [http-nio-2700-exec-3] com.dao.AppointmentServiceImpl           : Appointment not found exception thrown
2022-11-15 09:01:00.413  WARN 20760 --- [http-nio-2700-exec-3] .m.m.a.ExceptionHandlerExceptionResolver : Resolved [com.exceptions.AppointmentIdNotFoundException: No Appointments On 2022-11-17]
2022-11-15 09:01:12.917  INFO 20760 --- [http-nio-2700-exec-4] com.dao.AppointmentServiceImpl           : Appointment booked
2022-11-15 09:01:12.919  INFO 20760 --- [http-nio-2700-exec-5] com.dao.PatientServiceImpl               : Patient viewed
2022-11-15 09:01:45.366  WARN 20760 --- [http-nio-2700-exec-6] .m.m.a.ExceptionHandlerExceptionResolver : Resolved [java.lang.NullPointerException: Cannot invoke "String.length()" because "s" is null]
2022-11-15 09:08:07.910  INFO 20760 --- [http-nio-2700-exec-7] com.dao.PatientServiceImpl               : Patient viewed
2022-11-15 09:08:09.400  INFO 20760 --- [http-nio-2700-exec-9] com.dao.DoctorServiceImpl                : All doctors viewed
2022-11-15 09:08:54.203 ERROR 20760 --- [http-nio-2700-exec-10] com.dao.AppointmentServiceImpl           : Appointment not found exception thrown
2022-11-15 09:08:54.205  WARN 20760 --- [http-nio-2700-exec-10] .m.m.a.ExceptionHandlerExceptionResolver : Resolved [com.exceptions.AppointmentIdNotFoundException: No Appointments On 2022-11-15]
2022-11-15 09:08:57.102  INFO 20760 --- [http-nio-2700-exec-2] com.dao.AppointmentServiceImpl           : Appointment booked
2022-11-15 09:08:57.103  INFO 20760 --- [http-nio-2700-exec-1] com.dao.PatientServiceImpl               : Patient viewed
2022-11-15 09:08:59.615  WARN 20760 --- [http-nio-2700-exec-3] .m.m.a.ExceptionHandlerExceptionResolver : Resolved [java.lang.NullPointerException: Cannot invoke "String.length()" because "s" is null]
2022-11-15 09:12:23.660  INFO 20760 --- [http-nio-2700-exec-4] com.dao.DoctorServiceImpl                : All doctors viewed
2022-11-15 09:12:32.263  INFO 20760 --- [http-nio-2700-exec-6] com.dao.DoctorServiceImpl                : Doctor viewed
2022-11-15 09:13:43.759  INFO 20760 --- [http-nio-2700-exec-7] com.dao.DoctorServiceImpl                : Doctor viewed
2022-11-15 09:15:32.054  INFO 20760 --- [http-nio-2700-exec-10] com.dao.PatientServiceImpl               : Patient viewed
2022-11-15 09:15:39.297 ERROR 20760 --- [http-nio-2700-exec-1] com.dao.ReportServiceImpl                : Report not found exception thrown
2022-11-15 09:15:39.299  WARN 20760 --- [http-nio-2700-exec-1] .m.m.a.ExceptionHandlerExceptionResolver : Resolved [com.exceptions.ReportIdNotFoundException: No Reports Found]
2022-11-15 09:15:59.443  INFO 20760 --- [http-nio-2700-exec-2] com.dao.DoctorServiceImpl                : Doctor viewed
2022-11-15 09:16:05.327  INFO 20760 --- [http-nio-2700-exec-3] com.dao.DoctorServiceImpl                : Doctor viewed
2022-11-15 09:16:07.961  INFO 20760 --- [http-nio-2700-exec-5] com.dao.TestServiceImpl                  : All Tests are viewed
2022-11-15 09:16:30.856  INFO 20760 --- [http-nio-2700-exec-6] com.dao.PatientServiceImpl               : Patient viewed
2022-11-15 09:16:30.859  INFO 20760 --- [http-nio-2700-exec-8] com.dao.ReportServiceImpl                : Report added
2022-11-15 09:23:15.136  INFO 20760 --- [http-nio-2700-exec-10] com.dao.PatientServiceImpl               : Patient viewed
2022-11-15 09:23:27.573  INFO 20760 --- [http-nio-2700-exec-1] com.dao.PatientServiceImpl               : Patient viewed
2022-11-15 09:23:39.124  INFO 20760 --- [http-nio-2700-exec-2] com.dao.DoctorServiceImpl                : All doctors viewed
2022-11-15 09:24:23.391  INFO 20760 --- [http-nio-2700-exec-3] com.dao.AppointmentServiceImpl           : Appointment viewed
2022-11-15 09:26:35.370  INFO 20760 --- [File Watcher] rtingClassPathChangeChangedEventListener : Restarting due to 5 class path changes (0 additions, 0 deletions, 5 modifications)
2022-11-15 09:26:35.402  INFO 20760 --- [Thread-5] o.apache.catalina.core.StandardService   : Stopping service [Tomcat]
2022-11-15 09:26:35.406  INFO 20760 --- [Thread-5] o.a.c.c.C.[Tomcat].[localhost].[/]       : Destroying Spring FrameworkServlet 'dispatcherServlet'
2022-11-15 09:26:35.436  INFO 20760 --- [Thread-5] j.LocalContainerEntityManagerFactoryBean : Closing JPA EntityManagerFactory for persistence unit 'default'
2022-11-15 09:26:35.448  INFO 20760 --- [Thread-5] com.zaxxer.hikari.HikariDataSource       : HikariPool-1 - Shutdown initiated...
2022-11-15 09:26:35.464  INFO 20760 --- [Thread-5] com.zaxxer.hikari.HikariDataSource       : HikariPool-1 - Shutdown completed.
2022-11-15 09:26:35.623  INFO 20760 --- [restartedMain] com.OnlineEyeClinicApplication           : Starting OnlineEyeClinicApplication using Java 17.0.4.1 on INLEN8520062193 with PID 20760 (C:\Users\ksingh58\OneDrive - Capgemini\Documents\Eclipse\OnlineEyeClinic\target\classes started by ksingh58 in C:\Users\ksingh58\OneDrive - Capgemini\Documents\Eclipse\OnlineEyeClinic)
2022-11-15 09:26:35.624  INFO 20760 --- [restartedMain] com.OnlineEyeClinicApplication           : No active profile set, falling back to 1 default profile: "default"
2022-11-15 09:26:36.465  INFO 20760 --- [restartedMain] .s.d.r.c.RepositoryConfigurationDelegate : Bootstrapping Spring Data JPA repositories in DEFAULT mode.
2022-11-15 09:26:36.714  INFO 20760 --- [restartedMain] .s.d.r.c.RepositoryConfigurationDelegate : Finished Spring Data repository scanning in 248 ms. Found 6 JPA repository interfaces.
2022-11-15 09:26:36.797  INFO 20760 --- [restartedMain] trationDelegate$BeanPostProcessorChecker : Bean 'org.springframework.ws.config.annotation.DelegatingWsConfiguration' of type [org.springframework.ws.config.annotation.DelegatingWsConfiguration$$EnhancerBySpringCGLIB$$aadec657] is not eligible for getting processed by all BeanPostProcessors (for example: not eligible for auto-proxying)
2022-11-15 09:26:36.799  INFO 20760 --- [restartedMain] .w.s.a.s.AnnotationActionEndpointMapping : Supporting [WS-Addressing August 2004, WS-Addressing 1.0]
2022-11-15 09:26:36.866  INFO 20760 --- [restartedMain] o.s.b.w.embedded.tomcat.TomcatWebServer  : Tomcat initialized with port(s): 2700 (http)
2022-11-15 09:26:36.867  INFO 20760 --- [restartedMain] o.apache.catalina.core.StandardService   : Starting service [Tomcat]
2022-11-15 09:26:36.868  INFO 20760 --- [restartedMain] org.apache.catalina.core.StandardEngine  : Starting Servlet engine: [Apache Tomcat/9.0.68]
2022-11-15 09:26:36.902  INFO 20760 --- [restartedMain] o.a.c.c.C.[Tomcat].[localhost].[/]       : Initializing Spring embedded WebApplicationContext
2022-11-15 09:26:36.903  INFO 20760 --- [restartedMain] w.s.c.ServletWebServerApplicationContext : Root WebApplicationContext: initialization completed in 1275 ms
2022-11-15 09:26:37.007  INFO 20760 --- [restartedMain] o.hibernate.jpa.internal.util.LogHelper  : HHH000204: Processing PersistenceUnitInfo [name: default]
2022-11-15 09:26:37.019  INFO 20760 --- [restartedMain] com.zaxxer.hikari.HikariDataSource       : HikariPool-2 - Starting...
2022-11-15 09:26:37.162  INFO 20760 --- [restartedMain] com.zaxxer.hikari.HikariDataSource       : HikariPool-2 - Start completed.
2022-11-15 09:26:37.163  INFO 20760 --- [restartedMain] org.hibernate.dialect.Dialect            : HHH000400: Using dialect: org.hibernate.dialect.PostgreSQLDialect
2022-11-15 09:26:37.490  INFO 20760 --- [restartedMain] o.h.e.t.j.p.i.JtaPlatformInitiator       : HHH000490: Using JtaPlatform implementation: [org.hibernate.engine.transaction.jta.platform.internal.NoJtaPlatform]
2022-11-15 09:26:37.491  INFO 20760 --- [restartedMain] j.LocalContainerEntityManagerFactoryBean : Initialized JPA EntityManagerFactory for persistence unit 'default'
2022-11-15 09:26:37.995  WARN 20760 --- [restartedMain] JpaBaseConfiguration$JpaWebConfiguration : spring.jpa.open-in-view is enabled by default. Therefore, database queries may be performed during view rendering. Explicitly configure spring.jpa.open-in-view to disable this warning
2022-11-15 09:26:38.298  INFO 20760 --- [restartedMain] o.s.b.d.a.OptionalLiveReloadServer       : LiveReload server is running on port 35729
2022-11-15 09:26:38.338  INFO 20760 --- [restartedMain] o.s.b.w.embedded.tomcat.TomcatWebServer  : Tomcat started on port(s): 2700 (http) with context path ''
2022-11-15 09:26:38.344  INFO 20760 --- [restartedMain] com.OnlineEyeClinicApplication           : Started OnlineEyeClinicApplication in 2.786 seconds (JVM running for 1922.514)
2022-11-15 09:26:38.348  INFO 20760 --- [restartedMain] .ConditionEvaluationDeltaLoggingListener : Condition evaluation unchanged
2022-11-15 09:27:28.906  INFO 20760 --- [File Watcher] rtingClassPathChangeChangedEventListener : Restarting due to 2 class path changes (0 additions, 0 deletions, 2 modifications)
2022-11-15 09:27:28.918  INFO 20760 --- [Thread-7] o.apache.catalina.core.StandardService   : Stopping service [Tomcat]
2022-11-15 09:27:28.923  INFO 20760 --- [Thread-7] j.LocalContainerEntityManagerFactoryBean : Closing JPA EntityManagerFactory for persistence unit 'default'
2022-11-15 09:27:28.924  INFO 20760 --- [Thread-7] com.zaxxer.hikari.HikariDataSource       : HikariPool-2 - Shutdown initiated...
2022-11-15 09:27:28.925  INFO 20760 --- [Thread-7] com.zaxxer.hikari.HikariDataSource       : HikariPool-2 - Shutdown completed.
2022-11-15 09:27:29.005  INFO 20760 --- [restartedMain] com.OnlineEyeClinicApplication           : Starting OnlineEyeClinicApplication using Java 17.0.4.1 on INLEN8520062193 with PID 20760 (C:\Users\ksingh58\OneDrive - Capgemini\Documents\Eclipse\OnlineEyeClinic\target\classes started by ksingh58 in C:\Users\ksingh58\OneDrive - Capgemini\Documents\Eclipse\OnlineEyeClinic)
2022-11-15 09:27:29.005  INFO 20760 --- [restartedMain] com.OnlineEyeClinicApplication           : No active profile set, falling back to 1 default profile: "default"
2022-11-15 09:27:29.478  INFO 20760 --- [restartedMain] .s.d.r.c.RepositoryConfigurationDelegate : Bootstrapping Spring Data JPA repositories in DEFAULT mode.
2022-11-15 09:27:29.632  INFO 20760 --- [restartedMain] .s.d.r.c.RepositoryConfigurationDelegate : Finished Spring Data repository scanning in 154 ms. Found 6 JPA repository interfaces.
2022-11-15 09:27:29.672  INFO 20760 --- [restartedMain] trationDelegate$BeanPostProcessorChecker : Bean 'org.springframework.ws.config.annotation.DelegatingWsConfiguration' of type [org.springframework.ws.config.annotation.DelegatingWsConfiguration$$EnhancerBySpringCGLIB$$aadec657] is not eligible for getting processed by all BeanPostProcessors (for example: not eligible for auto-proxying)
2022-11-15 09:27:29.673  INFO 20760 --- [restartedMain] .w.s.a.s.AnnotationActionEndpointMapping : Supporting [WS-Addressing August 2004, WS-Addressing 1.0]
2022-11-15 09:27:29.706  INFO 20760 --- [restartedMain] o.s.b.w.embedded.tomcat.TomcatWebServer  : Tomcat initialized with port(s): 2700 (http)
2022-11-15 09:27:29.708  INFO 20760 --- [restartedMain] o.apache.catalina.core.StandardService   : Starting service [Tomcat]
2022-11-15 09:27:29.708  INFO 20760 --- [restartedMain] org.apache.catalina.core.StandardEngine  : Starting Servlet engine: [Apache Tomcat/9.0.68]
2022-11-15 09:27:29.735  INFO 20760 --- [restartedMain] o.a.c.c.C.[Tomcat].[localhost].[/]       : Initializing Spring embedded WebApplicationContext
2022-11-15 09:27:29.735  INFO 20760 --- [restartedMain] w.s.c.ServletWebServerApplicationContext : Root WebApplicationContext: initialization completed in 728 ms
2022-11-15 09:27:29.791  INFO 20760 --- [restartedMain] o.hibernate.jpa.internal.util.LogHelper  : HHH000204: Processing PersistenceUnitInfo [name: default]
2022-11-15 09:27:29.797  INFO 20760 --- [restartedMain] com.zaxxer.hikari.HikariDataSource       : HikariPool-3 - Starting...
2022-11-15 09:27:29.871  INFO 20760 --- [restartedMain] com.zaxxer.hikari.HikariDataSource       : HikariPool-3 - Start completed.
2022-11-15 09:27:29.872  INFO 20760 --- [restartedMain] org.hibernate.dialect.Dialect            : HHH000400: Using dialect: org.hibernate.dialect.PostgreSQLDialect
2022-11-15 09:27:30.026  INFO 20760 --- [restartedMain] o.h.e.t.j.p.i.JtaPlatformInitiator       : HHH000490: Using JtaPlatform implementation: [org.hibernate.engine.transaction.jta.platform.internal.NoJtaPlatform]
2022-11-15 09:27:30.026  INFO 20760 --- [restartedMain] j.LocalContainerEntityManagerFactoryBean : Initialized JPA EntityManagerFactory for persistence unit 'default'
2022-11-15 09:27:30.221  WARN 20760 --- [restartedMain] JpaBaseConfiguration$JpaWebConfiguration : spring.jpa.open-in-view is enabled by default. Therefore, database queries may be performed during view rendering. Explicitly configure spring.jpa.open-in-view to disable this warning
2022-11-15 09:27:30.321  INFO 20760 --- [restartedMain] o.s.b.d.a.OptionalLiveReloadServer       : LiveReload server is running on port 35729
2022-11-15 09:27:30.339  INFO 20760 --- [restartedMain] o.s.b.w.embedded.tomcat.TomcatWebServer  : Tomcat started on port(s): 2700 (http) with context path ''
2022-11-15 09:27:30.345  INFO 20760 --- [restartedMain] com.OnlineEyeClinicApplication           : Started OnlineEyeClinicApplication in 1.366 seconds (JVM running for 1974.512)
2022-11-15 09:27:30.347  INFO 20760 --- [restartedMain] .ConditionEvaluationDeltaLoggingListener : Condition evaluation unchanged
2022-11-15 09:28:12.644  INFO 20760 --- [File Watcher] rtingClassPathChangeChangedEventListener : Restarting due to 1 class path change (0 additions, 0 deletions, 1 modification)
2022-11-15 09:28:12.654  INFO 20760 --- [Thread-11] o.apache.catalina.core.StandardService   : Stopping service [Tomcat]
2022-11-15 09:28:12.658  INFO 20760 --- [Thread-11] j.LocalContainerEntityManagerFactoryBean : Closing JPA EntityManagerFactory for persistence unit 'default'
2022-11-15 09:28:12.659  INFO 20760 --- [Thread-11] com.zaxxer.hikari.HikariDataSource       : HikariPool-3 - Shutdown initiated...
2022-11-15 09:28:12.661  INFO 20760 --- [Thread-11] com.zaxxer.hikari.HikariDataSource       : HikariPool-3 - Shutdown completed.
2022-11-15 09:28:12.735  INFO 20760 --- [restartedMain] com.OnlineEyeClinicApplication           : Starting OnlineEyeClinicApplication using Java 17.0.4.1 on INLEN8520062193 with PID 20760 (C:\Users\ksingh58\OneDrive - Capgemini\Documents\Eclipse\OnlineEyeClinic\target\classes started by ksingh58 in C:\Users\ksingh58\OneDrive - Capgemini\Documents\Eclipse\OnlineEyeClinic)
2022-11-15 09:28:12.735  INFO 20760 --- [restartedMain] com.OnlineEyeClinicApplication           : No active profile set, falling back to 1 default profile: "default"
2022-11-15 09:28:13.171  INFO 20760 --- [restartedMain] .s.d.r.c.RepositoryConfigurationDelegate : Bootstrapping Spring Data JPA repositories in DEFAULT mode.
2022-11-15 09:28:13.302  INFO 20760 --- [restartedMain] .s.d.r.c.RepositoryConfigurationDelegate : Finished Spring Data repository scanning in 130 ms. Found 6 JPA repository interfaces.
2022-11-15 09:28:13.337  INFO 20760 --- [restartedMain] trationDelegate$BeanPostProcessorChecker : Bean 'org.springframework.ws.config.annotation.DelegatingWsConfiguration' of type [org.springframework.ws.config.annotation.DelegatingWsConfiguration$$EnhancerBySpringCGLIB$$aadec657] is not eligible for getting processed by all BeanPostProcessors (for example: not eligible for auto-proxying)
2022-11-15 09:28:13.339  INFO 20760 --- [restartedMain] .w.s.a.s.AnnotationActionEndpointMapping : Supporting [WS-Addressing August 2004, WS-Addressing 1.0]
2022-11-15 09:28:13.366  INFO 20760 --- [restartedMain] o.s.b.w.embedded.tomcat.TomcatWebServer  : Tomcat initialized with port(s): 2700 (http)
2022-11-15 09:28:13.367  INFO 20760 --- [restartedMain] o.apache.catalina.core.StandardService   : Starting service [Tomcat]
2022-11-15 09:28:13.367  INFO 20760 --- [restartedMain] org.apache.catalina.core.StandardEngine  : Starting Servlet engine: [Apache Tomcat/9.0.68]
2022-11-15 09:28:13.390  INFO 20760 --- [restartedMain] o.a.c.c.C.[Tomcat].[localhost].[/]       : Initializing Spring embedded WebApplicationContext
2022-11-15 09:28:13.390  INFO 20760 --- [restartedMain] w.s.c.ServletWebServerApplicationContext : Root WebApplicationContext: initialization completed in 653 ms
2022-11-15 09:28:13.443  INFO 20760 --- [restartedMain] o.hibernate.jpa.internal.util.LogHelper  : HHH000204: Processing PersistenceUnitInfo [name: default]
2022-11-15 09:28:13.448  INFO 20760 --- [restartedMain] com.zaxxer.hikari.HikariDataSource       : HikariPool-4 - Starting...
2022-11-15 09:28:13.524  INFO 20760 --- [restartedMain] com.zaxxer.hikari.HikariDataSource       : HikariPool-4 - Start completed.
2022-11-15 09:28:13.524  INFO 20760 --- [restartedMain] org.hibernate.dialect.Dialect            : HHH000400: Using dialect: org.hibernate.dialect.PostgreSQLDialect
2022-11-15 09:28:13.674  INFO 20760 --- [restartedMain] o.h.e.t.j.p.i.JtaPlatformInitiator       : HHH000490: Using JtaPlatform implementation: [org.hibernate.engine.transaction.jta.platform.internal.NoJtaPlatform]
2022-11-15 09:28:13.675  INFO 20760 --- [restartedMain] j.LocalContainerEntityManagerFactoryBean : Initialized JPA EntityManagerFactory for persistence unit 'default'
2022-11-15 09:28:13.868  WARN 20760 --- [restartedMain] JpaBaseConfiguration$JpaWebConfiguration : spring.jpa.open-in-view is enabled by default. Therefore, database queries may be performed during view rendering. Explicitly configure spring.jpa.open-in-view to disable this warning
2022-11-15 09:28:13.996  INFO 20760 --- [restartedMain] o.s.b.d.a.OptionalLiveReloadServer       : LiveReload server is running on port 35729
2022-11-15 09:28:14.008  INFO 20760 --- [restartedMain] o.s.b.w.embedded.tomcat.TomcatWebServer  : Tomcat started on port(s): 2700 (http) with context path ''
2022-11-15 09:28:14.011  INFO 20760 --- [restartedMain] com.OnlineEyeClinicApplication           : Started OnlineEyeClinicApplication in 1.302 seconds (JVM running for 2018.175)
2022-11-15 09:28:14.012  INFO 20760 --- [restartedMain] .ConditionEvaluationDeltaLoggingListener : Condition evaluation unchanged
2022-11-15 09:40:54.190  INFO 20760 --- [File Watcher] rtingClassPathChangeChangedEventListener : Restarting due to 1 class path change (0 additions, 0 deletions, 1 modification)
2022-11-15 09:40:54.202  INFO 20760 --- [Thread-15] o.apache.catalina.core.StandardService   : Stopping service [Tomcat]
2022-11-15 09:40:54.209  INFO 20760 --- [Thread-15] j.LocalContainerEntityManagerFactoryBean : Closing JPA EntityManagerFactory for persistence unit 'default'
2022-11-15 09:40:54.210  INFO 20760 --- [Thread-15] com.zaxxer.hikari.HikariDataSource       : HikariPool-4 - Shutdown initiated...
2022-11-15 09:40:54.211  INFO 20760 --- [Thread-15] com.zaxxer.hikari.HikariDataSource       : HikariPool-4 - Shutdown completed.
2022-11-15 09:40:54.320  INFO 20760 --- [restartedMain] com.OnlineEyeClinicApplication           : Starting OnlineEyeClinicApplication using Java 17.0.4.1 on INLEN8520062193 with PID 20760 (C:\Users\ksingh58\OneDrive - Capgemini\Documents\Eclipse\OnlineEyeClinic\target\classes started by ksingh58 in C:\Users\ksingh58\OneDrive - Capgemini\Documents\Eclipse\OnlineEyeClinic)
2022-11-15 09:40:54.320  INFO 20760 --- [restartedMain] com.OnlineEyeClinicApplication           : No active profile set, falling back to 1 default profile: "default"
2022-11-15 09:40:54.847  INFO 20760 --- [restartedMain] .s.d.r.c.RepositoryConfigurationDelegate : Bootstrapping Spring Data JPA repositories in DEFAULT mode.
2022-11-15 09:40:55.027  INFO 20760 --- [restartedMain] .s.d.r.c.RepositoryConfigurationDelegate : Finished Spring Data repository scanning in 179 ms. Found 6 JPA repository interfaces.
2022-11-15 09:40:55.104  INFO 20760 --- [restartedMain] trationDelegate$BeanPostProcessorChecker : Bean 'org.springframework.ws.config.annotation.DelegatingWsConfiguration' of type [org.springframework.ws.config.annotation.DelegatingWsConfiguration$$EnhancerBySpringCGLIB$$aadec657] is not eligible for getting processed by all BeanPostProcessors (for example: not eligible for auto-proxying)
2022-11-15 09:40:55.106  INFO 20760 --- [restartedMain] .w.s.a.s.AnnotationActionEndpointMapping : Supporting [WS-Addressing August 2004, WS-Addressing 1.0]
2022-11-15 09:40:55.156  INFO 20760 --- [restartedMain] o.s.b.w.embedded.tomcat.TomcatWebServer  : Tomcat initialized with port(s): 2700 (http)
2022-11-15 09:40:55.157  INFO 20760 --- [restartedMain] o.apache.catalina.core.StandardService   : Starting service [Tomcat]
2022-11-15 09:40:55.157  INFO 20760 --- [restartedMain] org.apache.catalina.core.StandardEngine  : Starting Servlet engine: [Apache Tomcat/9.0.68]
2022-11-15 09:40:55.186  INFO 20760 --- [restartedMain] o.a.c.c.C.[Tomcat].[localhost].[/]       : Initializing Spring embedded WebApplicationContext
2022-11-15 09:40:55.187  INFO 20760 --- [restartedMain] w.s.c.ServletWebServerApplicationContext : Root WebApplicationContext: initialization completed in 864 ms
2022-11-15 09:40:55.266  INFO 20760 --- [restartedMain] o.hibernate.jpa.internal.util.LogHelper  : HHH000204: Processing PersistenceUnitInfo [name: default]
2022-11-15 09:40:55.275  INFO 20760 --- [restartedMain] com.zaxxer.hikari.HikariDataSource       : HikariPool-5 - Starting...
2022-11-15 09:40:55.365  INFO 20760 --- [restartedMain] com.zaxxer.hikari.HikariDataSource       : HikariPool-5 - Start completed.
2022-11-15 09:40:55.366  INFO 20760 --- [restartedMain] org.hibernate.dialect.Dialect            : HHH000400: Using dialect: org.hibernate.dialect.PostgreSQLDialect
2022-11-15 09:40:55.545  INFO 20760 --- [restartedMain] o.h.e.t.j.p.i.JtaPlatformInitiator       : HHH000490: Using JtaPlatform implementation: [org.hibernate.engine.transaction.jta.platform.internal.NoJtaPlatform]
2022-11-15 09:40:55.546  INFO 20760 --- [restartedMain] j.LocalContainerEntityManagerFactoryBean : Initialized JPA EntityManagerFactory for persistence unit 'default'
2022-11-15 09:40:55.812  WARN 20760 --- [restartedMain] JpaBaseConfiguration$JpaWebConfiguration : spring.jpa.open-in-view is enabled by default. Therefore, database queries may be performed during view rendering. Explicitly configure spring.jpa.open-in-view to disable this warning
2022-11-15 09:40:55.941  INFO 20760 --- [restartedMain] o.s.b.d.a.OptionalLiveReloadServer       : LiveReload server is running on port 35729
2022-11-15 09:40:55.960  INFO 20760 --- [restartedMain] o.s.b.w.embedded.tomcat.TomcatWebServer  : Tomcat started on port(s): 2700 (http) with context path ''
2022-11-15 09:40:55.963  INFO 20760 --- [restartedMain] com.OnlineEyeClinicApplication           : Started OnlineEyeClinicApplication in 1.688 seconds (JVM running for 2780.121)
2022-11-15 09:40:55.964  INFO 20760 --- [restartedMain] .ConditionEvaluationDeltaLoggingListener : Condition evaluation unchanged
2022-11-15 09:42:48.655  INFO 20760 --- [File Watcher] rtingClassPathChangeChangedEventListener : Restarting due to 1 class path change (0 additions, 0 deletions, 1 modification)
2022-11-15 09:42:48.664  INFO 20760 --- [Thread-19] o.apache.catalina.core.StandardService   : Stopping service [Tomcat]
2022-11-15 09:42:48.668  INFO 20760 --- [Thread-19] j.LocalContainerEntityManagerFactoryBean : Closing JPA EntityManagerFactory for persistence unit 'default'
2022-11-15 09:42:48.669  INFO 20760 --- [Thread-19] com.zaxxer.hikari.HikariDataSource       : HikariPool-5 - Shutdown initiated...
2022-11-15 09:42:48.671  INFO 20760 --- [Thread-19] com.zaxxer.hikari.HikariDataSource       : HikariPool-5 - Shutdown completed.
2022-11-15 09:42:48.746  INFO 20760 --- [restartedMain] com.OnlineEyeClinicApplication           : Starting OnlineEyeClinicApplication using Java 17.0.4.1 on INLEN8520062193 with PID 20760 (C:\Users\ksingh58\OneDrive - Capgemini\Documents\Eclipse\OnlineEyeClinic\target\classes started by ksingh58 in C:\Users\ksingh58\OneDrive - Capgemini\Documents\Eclipse\OnlineEyeClinic)
2022-11-15 09:42:48.746  INFO 20760 --- [restartedMain] com.OnlineEyeClinicApplication           : No active profile set, falling back to 1 default profile: "default"
2022-11-15 09:42:49.246  INFO 20760 --- [restartedMain] .s.d.r.c.RepositoryConfigurationDelegate : Bootstrapping Spring Data JPA repositories in DEFAULT mode.
2022-11-15 09:42:49.370  INFO 20760 --- [restartedMain] .s.d.r.c.RepositoryConfigurationDelegate : Finished Spring Data repository scanning in 124 ms. Found 6 JPA repository interfaces.
2022-11-15 09:42:49.408  INFO 20760 --- [restartedMain] trationDelegate$BeanPostProcessorChecker : Bean 'org.springframework.ws.config.annotation.DelegatingWsConfiguration' of type [org.springframework.ws.config.annotation.DelegatingWsConfiguration$$EnhancerBySpringCGLIB$$aadec657] is not eligible for getting processed by all BeanPostProcessors (for example: not eligible for auto-proxying)
2022-11-15 09:42:49.409  INFO 20760 --- [restartedMain] .w.s.a.s.AnnotationActionEndpointMapping : Supporting [WS-Addressing August 2004, WS-Addressing 1.0]
2022-11-15 09:42:49.438  INFO 20760 --- [restartedMain] o.s.b.w.embedded.tomcat.TomcatWebServer  : Tomcat initialized with port(s): 2700 (http)
2022-11-15 09:42:49.439  INFO 20760 --- [restartedMain] o.apache.catalina.core.StandardService   : Starting service [Tomcat]
2022-11-15 09:42:49.439  INFO 20760 --- [restartedMain] org.apache.catalina.core.StandardEngine  : Starting Servlet engine: [Apache Tomcat/9.0.68]
2022-11-15 09:42:49.459  INFO 20760 --- [restartedMain] o.a.c.c.C.[Tomcat].[localhost].[/]       : Initializing Spring embedded WebApplicationContext
2022-11-15 09:42:49.459  INFO 20760 --- [restartedMain] w.s.c.ServletWebServerApplicationContext : Root WebApplicationContext: initialization completed in 711 ms
2022-11-15 09:42:49.505  INFO 20760 --- [restartedMain] o.hibernate.jpa.internal.util.LogHelper  : HHH000204: Processing PersistenceUnitInfo [name: default]
2022-11-15 09:42:49.511  INFO 20760 --- [restartedMain] com.zaxxer.hikari.HikariDataSource       : HikariPool-6 - Starting...
2022-11-15 09:42:49.577  INFO 20760 --- [restartedMain] com.zaxxer.hikari.HikariDataSource       : HikariPool-6 - Start completed.
2022-11-15 09:42:49.577  INFO 20760 --- [restartedMain] org.hibernate.dialect.Dialect            : HHH000400: Using dialect: org.hibernate.dialect.PostgreSQLDialect
2022-11-15 09:42:49.698  INFO 20760 --- [restartedMain] o.h.e.t.j.p.i.JtaPlatformInitiator       : HHH000490: Using JtaPlatform implementation: [org.hibernate.engine.transaction.jta.platform.internal.NoJtaPlatform]
2022-11-15 09:42:49.698  INFO 20760 --- [restartedMain] j.LocalContainerEntityManagerFactoryBean : Initialized JPA EntityManagerFactory for persistence unit 'default'
2022-11-15 09:42:49.884  WARN 20760 --- [restartedMain] JpaBaseConfiguration$JpaWebConfiguration : spring.jpa.open-in-view is enabled by default. Therefore, database queries may be performed during view rendering. Explicitly configure spring.jpa.open-in-view to disable this warning
2022-11-15 09:42:50.003  INFO 20760 --- [restartedMain] o.s.b.d.a.OptionalLiveReloadServer       : LiveReload server is running on port 35729
2022-11-15 09:42:50.019  INFO 20760 --- [restartedMain] o.s.b.w.embedded.tomcat.TomcatWebServer  : Tomcat started on port(s): 2700 (http) with context path ''
2022-11-15 09:42:50.023  INFO 20760 --- [restartedMain] com.OnlineEyeClinicApplication           : Started OnlineEyeClinicApplication in 1.303 seconds (JVM running for 2894.18)
2022-11-15 09:42:50.024  INFO 20760 --- [restartedMain] .ConditionEvaluationDeltaLoggingListener : Condition evaluation unchanged
2022-11-15 09:57:02.263  INFO 20760 --- [http-nio-2700-exec-1] o.a.c.c.C.[Tomcat].[localhost].[/]       : Initializing Spring DispatcherServlet 'dispatcherServlet'
2022-11-15 09:57:02.264  INFO 20760 --- [http-nio-2700-exec-1] o.s.web.servlet.DispatcherServlet        : Initializing Servlet 'dispatcherServlet'
2022-11-15 09:57:02.265  INFO 20760 --- [http-nio-2700-exec-1] o.s.web.servlet.DispatcherServlet        : Completed initialization in 1 ms
2022-11-15 09:57:02.271  INFO 20760 --- [http-nio-2700-exec-1] com.dao.PatientServiceImpl               : Patient viewed
2022-11-15 09:57:45.260 ERROR 20760 --- [http-nio-2700-exec-2] com.dao.AppointmentServiceImpl           : Appointment not found exception thrown
2022-11-15 09:57:45.265  WARN 20760 --- [http-nio-2700-exec-2] .m.m.a.ExceptionHandlerExceptionResolver : Resolved [com.exceptions.AppointmentIdNotFoundException: No appointments found]
2022-11-15 09:58:20.065  INFO 20760 --- [File Watcher] rtingClassPathChangeChangedEventListener : Restarting due to 1 class path change (0 additions, 0 deletions, 1 modification)
2022-11-15 09:58:20.078  INFO 20760 --- [Thread-23] o.apache.catalina.core.StandardService   : Stopping service [Tomcat]
2022-11-15 09:58:20.079  INFO 20760 --- [Thread-23] o.a.c.c.C.[Tomcat].[localhost].[/]       : Destroying Spring FrameworkServlet 'dispatcherServlet'
2022-11-15 09:58:20.082  INFO 20760 --- [Thread-23] j.LocalContainerEntityManagerFactoryBean : Closing JPA EntityManagerFactory for persistence unit 'default'
2022-11-15 09:58:20.083  INFO 20760 --- [Thread-23] com.zaxxer.hikari.HikariDataSource       : HikariPool-6 - Shutdown initiated...
2022-11-15 09:58:20.088  INFO 20760 --- [Thread-23] com.zaxxer.hikari.HikariDataSource       : HikariPool-6 - Shutdown completed.
2022-11-15 09:58:20.156  INFO 20760 --- [restartedMain] com.OnlineEyeClinicApplication           : Starting OnlineEyeClinicApplication using Java 17.0.4.1 on INLEN8520062193 with PID 20760 (C:\Users\ksingh58\OneDrive - Capgemini\Documents\Eclipse\OnlineEyeClinic\target\classes started by ksingh58 in C:\Users\ksingh58\OneDrive - Capgemini\Documents\Eclipse\OnlineEyeClinic)
2022-11-15 09:58:20.157  INFO 20760 --- [restartedMain] com.OnlineEyeClinicApplication           : No active profile set, falling back to 1 default profile: "default"
2022-11-15 09:58:20.593  INFO 20760 --- [restartedMain] .s.d.r.c.RepositoryConfigurationDelegate : Bootstrapping Spring Data JPA repositories in DEFAULT mode.
2022-11-15 09:58:20.713  INFO 20760 --- [restartedMain] .s.d.r.c.RepositoryConfigurationDelegate : Finished Spring Data repository scanning in 119 ms. Found 6 JPA repository interfaces.
2022-11-15 09:58:20.752  INFO 20760 --- [restartedMain] trationDelegate$BeanPostProcessorChecker : Bean 'org.springframework.ws.config.annotation.DelegatingWsConfiguration' of type [org.springframework.ws.config.annotation.DelegatingWsConfiguration$$EnhancerBySpringCGLIB$$aadec657] is not eligible for getting processed by all BeanPostProcessors (for example: not eligible for auto-proxying)
2022-11-15 09:58:20.753  INFO 20760 --- [restartedMain] .w.s.a.s.AnnotationActionEndpointMapping : Supporting [WS-Addressing August 2004, WS-Addressing 1.0]
2022-11-15 09:58:20.792  INFO 20760 --- [restartedMain] o.s.b.w.embedded.tomcat.TomcatWebServer  : Tomcat initialized with port(s): 2700 (http)
2022-11-15 09:58:20.792  INFO 20760 --- [restartedMain] o.apache.catalina.core.StandardService   : Starting service [Tomcat]
2022-11-15 09:58:20.793  INFO 20760 --- [restartedMain] org.apache.catalina.core.StandardEngine  : Starting Servlet engine: [Apache Tomcat/9.0.68]
2022-11-15 09:58:20.814  INFO 20760 --- [restartedMain] o.a.c.c.C.[Tomcat].[localhost].[/]       : Initializing Spring embedded WebApplicationContext
2022-11-15 09:58:20.814  INFO 20760 --- [restartedMain] w.s.c.ServletWebServerApplicationContext : Root WebApplicationContext: initialization completed in 656 ms
2022-11-15 09:58:20.861  INFO 20760 --- [restartedMain] o.hibernate.jpa.internal.util.LogHelper  : HHH000204: Processing PersistenceUnitInfo [name: default]
2022-11-15 09:58:20.866  INFO 20760 --- [restartedMain] com.zaxxer.hikari.HikariDataSource       : HikariPool-7 - Starting...
2022-11-15 09:58:20.940  INFO 20760 --- [restartedMain] com.zaxxer.hikari.HikariDataSource       : HikariPool-7 - Start completed.
2022-11-15 09:58:20.940  INFO 20760 --- [restartedMain] org.hibernate.dialect.Dialect            : HHH000400: Using dialect: org.hibernate.dialect.PostgreSQLDialect
2022-11-15 09:58:21.055  INFO 20760 --- [restartedMain] o.h.e.t.j.p.i.JtaPlatformInitiator       : HHH000490: Using JtaPlatform implementation: [org.hibernate.engine.transaction.jta.platform.internal.NoJtaPlatform]
2022-11-15 09:58:21.055  INFO 20760 --- [restartedMain] j.LocalContainerEntityManagerFactoryBean : Initialized JPA EntityManagerFactory for persistence unit 'default'
2022-11-15 09:58:21.233  WARN 20760 --- [restartedMain] JpaBaseConfiguration$JpaWebConfiguration : spring.jpa.open-in-view is enabled by default. Therefore, database queries may be performed during view rendering. Explicitly configure spring.jpa.open-in-view to disable this warning
2022-11-15 09:58:21.364  INFO 20760 --- [restartedMain] o.s.b.d.a.OptionalLiveReloadServer       : LiveReload server is running on port 35729
2022-11-15 09:58:21.378  INFO 20760 --- [restartedMain] o.s.b.w.embedded.tomcat.TomcatWebServer  : Tomcat started on port(s): 2700 (http) with context path ''
2022-11-15 09:58:21.383  INFO 20760 --- [restartedMain] com.OnlineEyeClinicApplication           : Started OnlineEyeClinicApplication in 1.249 seconds (JVM running for 3825.539)
2022-11-15 09:58:21.385  INFO 20760 --- [restartedMain] .ConditionEvaluationDeltaLoggingListener : Condition evaluation unchanged
2022-11-15 09:58:22.804  INFO 20760 --- [http-nio-2700-exec-1] o.a.c.c.C.[Tomcat].[localhost].[/]       : Initializing Spring DispatcherServlet 'dispatcherServlet'
2022-11-15 09:58:22.805  INFO 20760 --- [http-nio-2700-exec-1] o.s.web.servlet.DispatcherServlet        : Initializing Servlet 'dispatcherServlet'
2022-11-15 09:58:22.806  INFO 20760 --- [http-nio-2700-exec-1] o.s.web.servlet.DispatcherServlet        : Completed initialization in 1 ms
2022-11-15 09:58:22.813 ERROR 20760 --- [http-nio-2700-exec-1] com.dao.AppointmentServiceImpl           : Appointment not found exception thrown
2022-11-15 09:58:22.816  WARN 20760 --- [http-nio-2700-exec-1] .m.m.a.ExceptionHandlerExceptionResolver : Resolved [com.exceptions.AppointmentIdNotFoundException: No appointments found]
2022-11-15 09:59:21.433 ERROR 20760 --- [http-nio-2700-exec-2] com.dao.AppointmentServiceImpl           : Appointment not found exception thrown
2022-11-15 09:59:21.434  WARN 20760 --- [http-nio-2700-exec-2] .m.m.a.ExceptionHandlerExceptionResolver : Resolved [com.exceptions.AppointmentIdNotFoundException: No appointments found]
2022-11-15 09:59:35.946 ERROR 20760 --- [http-nio-2700-exec-3] com.dao.AppointmentServiceImpl           : Appointment not found exception thrown
2022-11-15 09:59:35.948  WARN 20760 --- [http-nio-2700-exec-3] .m.m.a.ExceptionHandlerExceptionResolver : Resolved [com.exceptions.AppointmentIdNotFoundException: No appointments found]
2022-11-15 10:01:27.957  INFO 20760 --- [File Watcher] rtingClassPathChangeChangedEventListener : Restarting due to 1 class path change (0 additions, 0 deletions, 1 modification)
2022-11-15 10:01:27.967  INFO 20760 --- [Thread-27] o.apache.catalina.core.StandardService   : Stopping service [Tomcat]
2022-11-15 10:01:27.967  INFO 20760 --- [Thread-27] o.a.c.c.C.[Tomcat].[localhost].[/]       : Destroying Spring FrameworkServlet 'dispatcherServlet'
2022-11-15 10:01:27.971  INFO 20760 --- [Thread-27] j.LocalContainerEntityManagerFactoryBean : Closing JPA EntityManagerFactory for persistence unit 'default'
2022-11-15 10:01:27.971  INFO 20760 --- [Thread-27] com.zaxxer.hikari.HikariDataSource       : HikariPool-7 - Shutdown initiated...
2022-11-15 10:01:27.973  INFO 20760 --- [Thread-27] com.zaxxer.hikari.HikariDataSource       : HikariPool-7 - Shutdown completed.
2022-11-15 10:01:28.042  INFO 20760 --- [restartedMain] com.OnlineEyeClinicApplication           : Starting OnlineEyeClinicApplication using Java 17.0.4.1 on INLEN8520062193 with PID 20760 (C:\Users\ksingh58\OneDrive - Capgemini\Documents\Eclipse\OnlineEyeClinic\target\classes started by ksingh58 in C:\Users\ksingh58\OneDrive - Capgemini\Documents\Eclipse\OnlineEyeClinic)
2022-11-15 10:01:28.042  INFO 20760 --- [restartedMain] com.OnlineEyeClinicApplication           : No active profile set, falling back to 1 default profile: "default"
2022-11-15 10:01:28.554  INFO 20760 --- [restartedMain] .s.d.r.c.RepositoryConfigurationDelegate : Bootstrapping Spring Data JPA repositories in DEFAULT mode.
2022-11-15 10:01:28.690  INFO 20760 --- [restartedMain] .s.d.r.c.RepositoryConfigurationDelegate : Finished Spring Data repository scanning in 136 ms. Found 6 JPA repository interfaces.
2022-11-15 10:01:28.728  INFO 20760 --- [restartedMain] trationDelegate$BeanPostProcessorChecker : Bean 'org.springframework.ws.config.annotation.DelegatingWsConfiguration' of type [org.springframework.ws.config.annotation.DelegatingWsConfiguration$$EnhancerBySpringCGLIB$$aadec657] is not eligible for getting processed by all BeanPostProcessors (for example: not eligible for auto-proxying)
2022-11-15 10:01:28.729  INFO 20760 --- [restartedMain] .w.s.a.s.AnnotationActionEndpointMapping : Supporting [WS-Addressing August 2004, WS-Addressing 1.0]
2022-11-15 10:01:28.768  INFO 20760 --- [restartedMain] o.s.b.w.embedded.tomcat.TomcatWebServer  : Tomcat initialized with port(s): 2700 (http)
2022-11-15 10:01:28.769  INFO 20760 --- [restartedMain] o.apache.catalina.core.StandardService   : Starting service [Tomcat]
2022-11-15 10:01:28.769  INFO 20760 --- [restartedMain] org.apache.catalina.core.StandardEngine  : Starting Servlet engine: [Apache Tomcat/9.0.68]
2022-11-15 10:01:28.792  INFO 20760 --- [restartedMain] o.a.c.c.C.[Tomcat].[localhost].[/]       : Initializing Spring embedded WebApplicationContext
2022-11-15 10:01:28.792  INFO 20760 --- [restartedMain] w.s.c.ServletWebServerApplicationContext : Root WebApplicationContext: initialization completed in 748 ms
2022-11-15 10:01:28.865  INFO 20760 --- [restartedMain] o.hibernate.jpa.internal.util.LogHelper  : HHH000204: Processing PersistenceUnitInfo [name: default]
2022-11-15 10:01:28.873  INFO 20760 --- [restartedMain] com.zaxxer.hikari.HikariDataSource       : HikariPool-8 - Starting...
2022-11-15 10:01:28.955  INFO 20760 --- [restartedMain] com.zaxxer.hikari.HikariDataSource       : HikariPool-8 - Start completed.
2022-11-15 10:01:28.955  INFO 20760 --- [restartedMain] org.hibernate.dialect.Dialect            : HHH000400: Using dialect: org.hibernate.dialect.PostgreSQLDialect
2022-11-15 10:01:29.090  INFO 20760 --- [restartedMain] o.h.e.t.j.p.i.JtaPlatformInitiator       : HHH000490: Using JtaPlatform implementation: [org.hibernate.engine.transaction.jta.platform.internal.NoJtaPlatform]
2022-11-15 10:01:29.090  INFO 20760 --- [restartedMain] j.LocalContainerEntityManagerFactoryBean : Initialized JPA EntityManagerFactory for persistence unit 'default'
2022-11-15 10:01:29.256  WARN 20760 --- [restartedMain] JpaBaseConfiguration$JpaWebConfiguration : spring.jpa.open-in-view is enabled by default. Therefore, database queries may be performed during view rendering. Explicitly configure spring.jpa.open-in-view to disable this warning
2022-11-15 10:01:29.385  INFO 20760 --- [restartedMain] o.s.b.d.a.OptionalLiveReloadServer       : LiveReload server is running on port 35729
2022-11-15 10:01:29.404  INFO 20760 --- [restartedMain] o.s.b.w.embedded.tomcat.TomcatWebServer  : Tomcat started on port(s): 2700 (http) with context path ''
2022-11-15 10:01:29.409  INFO 20760 --- [restartedMain] com.OnlineEyeClinicApplication           : Started OnlineEyeClinicApplication in 1.391 seconds (JVM running for 4013.564)
2022-11-15 10:01:29.412  INFO 20760 --- [restartedMain] .ConditionEvaluationDeltaLoggingListener : Condition evaluation unchanged
2022-11-15 10:01:44.041  INFO 20760 --- [http-nio-2700-exec-1] o.a.c.c.C.[Tomcat].[localhost].[/]       : Initializing Spring DispatcherServlet 'dispatcherServlet'
2022-11-15 10:01:44.042  INFO 20760 --- [http-nio-2700-exec-1] o.s.web.servlet.DispatcherServlet        : Initializing Servlet 'dispatcherServlet'
2022-11-15 10:01:44.043  INFO 20760 --- [http-nio-2700-exec-1] o.s.web.servlet.DispatcherServlet        : Completed initialization in 1 ms
2022-11-15 10:01:44.048  INFO 20760 --- [http-nio-2700-exec-1] com.dao.PatientServiceImpl               : Patient viewed
2022-11-15 10:01:45.601  INFO 20760 --- [http-nio-2700-exec-2] com.dao.AppointmentServiceImpl           : Appointments viewed by patient
2022-11-15 10:03:18.008  INFO 20760 --- [http-nio-2700-exec-5] com.dao.AppointmentServiceImpl           : Appointments viewed by patient
2022-11-15 10:06:39.542  INFO 20760 --- [http-nio-2700-exec-7] com.dao.AppointmentServiceImpl           : Appointments viewed by patient
2022-11-15 10:06:46.459  INFO 20760 --- [http-nio-2700-exec-8] com.dao.AppointmentServiceImpl           : Appointments viewed by patient
2022-11-15 10:07:00.970  INFO 20760 --- [http-nio-2700-exec-9] com.dao.AppointmentServiceImpl           : Appointments viewed by patient
2022-11-15 10:10:14.500  INFO 20760 --- [http-nio-2700-exec-1] com.dao.AppointmentServiceImpl           : Appointments viewed by patient
2022-11-15 10:10:19.736  INFO 20760 --- [http-nio-2700-exec-2] com.dao.AppointmentServiceImpl           : Appointments viewed by patient
2022-11-15 10:10:39.407  INFO 20760 --- [http-nio-2700-exec-3] com.dao.AppointmentServiceImpl           : Appointments viewed by patient
2022-11-15 10:10:45.831  INFO 20760 --- [http-nio-2700-exec-4] com.dao.AppointmentServiceImpl           : Appointments viewed by patient
2022-11-15 10:10:50.726  INFO 20760 --- [http-nio-2700-exec-5] com.dao.AppointmentServiceImpl           : Appointments viewed by patient
2022-11-15 10:13:54.952  INFO 20760 --- [http-nio-2700-exec-7] com.dao.DoctorServiceImpl                : Doctor viewed
2022-11-15 10:15:47.706  INFO 20760 --- [http-nio-2700-exec-9] com.dao.DoctorServiceImpl                : Doctor viewed
2022-11-15 10:20:15.363  INFO 20760 --- [http-nio-2700-exec-1] com.dao.PatientServiceImpl               : Patient viewed
2022-11-15 10:20:56.926  INFO 20760 --- [http-nio-2700-exec-2] com.dao.PatientServiceImpl               : Patient viewed
2022-11-15 10:21:19.935  INFO 20760 --- [http-nio-2700-exec-3] com.dao.PatientServiceImpl               : Patient viewed
2022-11-15 10:24:36.653  INFO 20760 --- [http-nio-2700-exec-5] com.dao.ReportServiceImpl                : All Reports viewed
2022-11-15 10:29:15.435  INFO 20760 --- [http-nio-2700-exec-7] com.dao.ReportServiceImpl                : All Reports viewed
2022-11-15 10:29:18.340  INFO 20760 --- [http-nio-2700-exec-8] com.dao.ReportServiceImpl                : All Reports viewed
2022-11-15 10:29:22.259  INFO 20760 --- [http-nio-2700-exec-9] com.dao.ReportServiceImpl                : All Reports viewed
2022-11-15 10:29:28.628  INFO 20760 --- [http-nio-2700-exec-10] com.dao.AppointmentServiceImpl           : Appointments viewed by patient
2022-11-15 10:29:32.814  INFO 20760 --- [http-nio-2700-exec-1] com.dao.DoctorServiceImpl                : All doctors viewed
2022-11-15 10:29:39.986  INFO 20760 --- [http-nio-2700-exec-2] com.dao.PatientServiceImpl               : Patient viewed
2022-11-15 10:29:55.809  INFO 20760 --- [http-nio-2700-exec-3] com.dao.TestServiceImpl                  : All Tests are viewed
2022-11-15 10:34:03.941  INFO 20760 --- [http-nio-2700-exec-5] com.dao.ReportServiceImpl                : All Reports viewed
2022-11-15 10:34:10.092  INFO 20760 --- [http-nio-2700-exec-6] com.dao.DoctorServiceImpl                : All doctors viewed
2022-11-15 10:34:17.808  INFO 20760 --- [http-nio-2700-exec-7] com.dao.TestServiceImpl                  : All Tests are viewed
2022-11-15 10:35:21.879  INFO 20760 --- [http-nio-2700-exec-10] com.dao.PatientServiceImpl               : Patient added
2022-11-15 10:35:35.330  INFO 20760 --- [http-nio-2700-exec-1] com.dao.PatientServiceImpl               : Patient viewed
2022-11-15 10:37:08.920  INFO 20760 --- [http-nio-2700-exec-5] com.dao.PatientServiceImpl               : Patient viewed
2022-11-15 10:37:15.033  INFO 20760 --- [http-nio-2700-exec-7] com.dao.DoctorServiceImpl                : Doctor viewed
2022-11-15 10:40:24.301  INFO 20760 --- [http-nio-2700-exec-10] com.dao.PatientServiceImpl               : Patient viewed
2022-11-15 10:40:27.013  INFO 20760 --- [http-nio-2700-exec-1] com.dao.PatientServiceImpl               : Patient viewed
2022-11-15 10:40:31.501  INFO 20760 --- [http-nio-2700-exec-2] com.dao.DoctorServiceImpl                : All doctors viewed
2022-11-15 10:40:33.914  INFO 20760 --- [http-nio-2700-exec-3] com.dao.AppointmentServiceImpl           : Appointments viewed by patient
2022-11-15 10:40:37.241  INFO 20760 --- [http-nio-2700-exec-4] com.dao.ReportServiceImpl                : All Reports viewed
2022-11-15 10:40:47.865  INFO 20760 --- [http-nio-2700-exec-5] com.dao.DoctorServiceImpl                : Doctor viewed
2022-11-15 10:40:49.085  INFO 20760 --- [http-nio-2700-exec-6] com.dao.DoctorServiceImpl                : Doctor viewed
2022-11-15 10:40:55.185  INFO 20760 --- [http-nio-2700-exec-7] com.dao.DoctorServiceImpl                : All appointments for 109 viewed
2022-11-15 10:41:04.681  INFO 20760 --- [http-nio-2700-exec-8] com.dao.TestServiceImpl                  : All Tests are viewed
2022-11-15 10:41:31.211  INFO 20760 --- [http-nio-2700-exec-10] com.dao.PatientServiceImpl               : Patient viewed
2022-11-15 10:41:31.212  INFO 20760 --- [http-nio-2700-exec-1] com.dao.ReportServiceImpl                : Report added
2022-11-15 10:46:32.308  INFO 20760 --- [http-nio-2700-exec-4] com.dao.TestServiceImpl                  : All Tests are viewed
2022-11-15 10:48:57.830  INFO 20760 --- [http-nio-2700-exec-6] com.dao.ReportServiceImpl                : Report added
2022-11-15 10:48:57.832  INFO 20760 --- [http-nio-2700-exec-7] com.dao.PatientServiceImpl               : Patient viewed
2022-11-15 10:49:58.897  INFO 20760 --- [http-nio-2700-exec-10] com.dao.TestServiceImpl                  : All Tests are viewed
